D:\实验代码\DIP\DEBUG\HELLO WORLD.EXE
D:\实验代码\DIP\DEBUG\HELLO WORLD.ILK
D:\实验代码\DIP\DEBUG\HELLO WORLD.PDB
D:\实验代码\DIP\HELLO WORLD\DEBUG\HELLO WORLD.EXE.EMBED.MANIFEST
D:\实验代码\DIP\HELLO WORLD\DEBUG\HELLO WORLD.EXE.EMBED.MANIFEST.RES
D:\实验代码\DIP\HELLO WORLD\DEBUG\HELLO WORLD.EXE.INTERMEDIATE.MANIFEST
D:\实验代码\DIP\HELLO WORLD\DEBUG\HELLO WORLD.RES
D:\实验代码\DIP\HELLO WORLD\DEBUG\HELLOOPENCV.OBJ
D:\实验代码\DIP\HELLO WORLD\DEBUG\VC100.PDB
H:\MY DOCUMENT\MY TEACHING\实验代码\DIP\DEBUG\HELLO WORLD.EXE
H:\MY DOCUMENT\MY TEACHING\实验代码\DIP\DEBUG\HELLO WORLD.ILK
H:\MY DOCUMENT\MY TEACHING\实验代码\DIP\DEBUG\HELLO WORLD.PDB
H:\MY DOCUMENT\MY TEACHING\实验代码\DIP\HELLO WORLD\DEBUG\HELLO WORLD.EXE.EMBED.MANIFEST.RES
H:\MY DOCUMENT\MY TEACHING\实验代码\DIP\HELLO WORLD\DEBUG\HELLO WORLD.EXE.INTERMEDIATE.MANIFEST
H:\MY DOCUMENT\MY TEACHING\实验代码\DIP\HELLO WORLD\DEBUG\HELLO WORLD.RES
H:\MY DOCUMENT\MY TEACHING\实验代码\DIP\HELLO WORLD\DEBUG\HELLOOPENCV.OBJ
H:\MY DOCUMENT\MY TEACHING\实验代码\DIP\HELLO WORLD\DEBUG\VC100.PDB
H:\My Document\My teaching\实验代码\DIP_VS2010\Debug\hello world.exe
H:\My Document\My teaching\实验代码\DIP_VS2010\Debug\hello world.ilk
H:\My Document\My teaching\实验代码\DIP_VS2010\Debug\hello world.pdb
H:\My Document\My teaching\实验代码\DIP_VS2010\hello world\Debug\cl.command.1.tlog
H:\My Document\My teaching\实验代码\DIP_VS2010\hello world\Debug\CL.read.1.tlog
H:\My Document\My teaching\实验代码\DIP_VS2010\hello world\Debug\CL.write.1.tlog
H:\My Document\My teaching\实验代码\DIP_VS2010\hello world\Debug\hello world.exe.embed.manifest
H:\My Document\My teaching\实验代码\DIP_VS2010\hello world\Debug\hello world.exe.embed.manifest.res
H:\My Document\My teaching\实验代码\DIP_VS2010\hello world\Debug\hello world.exe.intermediate.manifest
H:\My Document\My teaching\实验代码\DIP_VS2010\hello world\Debug\hello world.res
H:\My Document\My teaching\实验代码\DIP_VS2010\hello world\Debug\hello world_manifest.rc
H:\My Document\My teaching\实验代码\DIP_VS2010\hello world\Debug\helloopencv.obj
H:\My Document\My teaching\实验代码\DIP_VS2010\hello world\Debug\link.4160.read.1.tlog
H:\My Document\My teaching\实验代码\DIP_VS2010\hello world\Debug\link.4160.write.1.tlog
H:\My Document\My teaching\实验代码\DIP_VS2010\hello world\Debug\link.4160-cvtres.read.1.tlog
H:\My Document\My teaching\实验代码\DIP_VS2010\hello world\Debug\link.4160-cvtres.write.1.tlog
H:\My Document\My teaching\实验代码\DIP_VS2010\hello world\Debug\link.4808.read.1.tlog
H:\My Document\My teaching\实验代码\DIP_VS2010\hello world\Debug\link.4808.write.1.tlog
H:\My Document\My teaching\实验代码\DIP_VS2010\hello world\Debug\link.4808-cvtres.read.1.tlog
H:\My Document\My teaching\实验代码\DIP_VS2010\hello world\Debug\link.4808-cvtres.write.1.tlog
H:\My Document\My teaching\实验代码\DIP_VS2010\hello world\Debug\link.5680.read.1.tlog
H:\My Document\My teaching\实验代码\DIP_VS2010\hello world\Debug\link.5680.write.1.tlog
H:\My Document\My teaching\实验代码\DIP_VS2010\hello world\Debug\link.5680-cvtres.read.1.tlog
H:\My Document\My teaching\实验代码\DIP_VS2010\hello world\Debug\link.5680-cvtres.write.1.tlog
H:\My Document\My teaching\实验代码\DIP_VS2010\hello world\Debug\link.6076.read.1.tlog
H:\My Document\My teaching\实验代码\DIP_VS2010\hello world\Debug\link.6076.write.1.tlog
H:\My Document\My teaching\实验代码\DIP_VS2010\hello world\Debug\link.6076-cvtres.read.1.tlog
H:\My Document\My teaching\实验代码\DIP_VS2010\hello world\Debug\link.6076-cvtres.write.1.tlog
H:\My Document\My teaching\实验代码\DIP_VS2010\hello world\Debug\link.command.1.tlog
H:\My Document\My teaching\实验代码\DIP_VS2010\hello world\Debug\link.read.1.tlog
H:\My Document\My teaching\实验代码\DIP_VS2010\hello world\Debug\link.write.1.tlog
H:\My Document\My teaching\实验代码\DIP_VS2010\hello world\Debug\link-cvtres.read.1.tlog
H:\My Document\My teaching\实验代码\DIP_VS2010\hello world\Debug\link-cvtres.write.1.tlog
H:\My Document\My teaching\实验代码\DIP_VS2010\hello world\Debug\mt.command.1.tlog
H:\My Document\My teaching\实验代码\DIP_VS2010\hello world\Debug\mt.read.1.tlog
H:\My Document\My teaching\实验代码\DIP_VS2010\hello world\Debug\mt.write.1.tlog
H:\My Document\My teaching\实验代码\DIP_VS2010\hello world\Debug\rc.command.1.tlog
H:\My Document\My teaching\实验代码\DIP_VS2010\hello world\Debug\rc.read.1.tlog
H:\My Document\My teaching\实验代码\DIP_VS2010\hello world\Debug\rc.write.1.tlog
H:\My Document\My teaching\实验代码\DIP_VS2010\hello world\Debug\vc100.idb
H:\My Document\My teaching\实验代码\DIP_VS2010\hello world\Debug\vc100.pdb
