Build started 2014-5-6 16:45:46.
     1>Project "H:\My Document\My teaching\实验代码\DIP_VS2010\hello world\hello world.vcxproj" on node 2 (build target(s)).
     1>InitializeBuildStatus:
         Creating "Debug\hello world.unsuccessfulbuild" because "AlwaysCreate" was specified.
       ClCompile:
         C:\Program Files\Microsoft Visual Studio 10.0\VC\bin\CL.exe /c /ID:\OpenCV2.4.3\opencv\build\include /ZI /nologo /W3 /WX- /Od /Oy- /D WIN32 /D _DEBUG /D _CONSOLE /D _UNICODE /D UNICODE /Gm /EHsc /RTC1 /MDd /GS /fp:precise /Zc:wchar_t /Zc:forScope /Fo"Debug\\" /Fd"Debug\vc100.pdb" /Gd /TP /analyze- /errorReport:prompt helloopencv.cpp
         helloopencv.cpp
       ResourceCompile:
         All outputs are up-to-date.
       ManifestResourceCompile:
         All outputs are up-to-date.
       Link:
         C:\Program Files\Microsoft Visual Studio 10.0\VC\bin\link.exe /ERRORREPORT:PROMPT /OUT:"H:\My Document\My teaching\实验代码\DIP_VS2010\Debug\hello world.exe" /INCREMENTAL /NOLOGO /LIBPATH:D:\OpenCV2.4.3\opencv\build\x86\vc10\lib opencv_imgproc243d.lib opencv_highgui243d.lib opencv_core243d.lib kernel32.lib user32.lib gdi32.lib winspool.lib comdlg32.lib advapi32.lib shell32.lib ole32.lib oleaut32.lib uuid.lib odbc32.lib odbccp32.lib /MANIFEST /ManifestFile:"Debug\hello world.exe.intermediate.manifest" /MANIFESTUAC:"level='asInvoker' uiAccess='false'" /DEBUG /PDB:"H:\My Document\My teaching\实验代码\DIP_VS2010\Debug\hello world.pdb" /SUBSYSTEM:CONSOLE /TLBID:1 /DYNAMICBASE /NXCOMPAT /IMPLIB:"H:\My Document\My teaching\实验代码\DIP_VS2010\Debug\hello world.lib" /MACHINE:X86 "Debug\hello world.res"
         "Debug\hello world.exe.embed.manifest.res"
         Debug\helloopencv.obj
       Manifest:
         C:\Program Files\Microsoft SDKs\Windows\v7.0A\bin\mt.exe /nologo /verbose /out:"Debug\hello world.exe.embed.manifest" /manifest "Debug\hello world.exe.intermediate.manifest"
         All outputs are up-to-date.
       LinkEmbedManifest:
         All outputs are up-to-date.
         hello world.vcxproj -> H:\My Document\My teaching\实验代码\DIP_VS2010\Debug\hello world.exe
       FinalizeBuildStatus:
         Deleting file "Debug\hello world.unsuccessfulbuild".
         Touching "Debug\hello world.lastbuildstate".
     1>Done Building Project "H:\My Document\My teaching\实验代码\DIP_VS2010\hello world\hello world.vcxproj" (build target(s)).

Build succeeded.

Time Elapsed 00:00:01.95
