D:\实验代码\DIP\BRIGHTENRGB\DEBUG\BRIGHTENRGB.EXE.EMBED.MANIFEST
D:\实验代码\DIP\BRIGHTENRGB\DEBUG\BRIGHTENRGB.EXE.EMBED.MANIFEST.RES
D:\实验代码\DIP\BRIGHTENRGB\DEBUG\BRIGHTENRGB.EXE.INTERMEDIATE.MANIFEST
D:\实验代码\DIP\BRIGHTENRGB\DEBUG\BRIGHTENRGB.OBJ
D:\实验代码\DIP\BRIGHTENRGB\DEBUG\VC100.PDB
D:\实验代码\DIP\DEBUG\BRIGHTENRGB.EXE
D:\实验代码\DIP\DEBUG\BRIGHTENRGB.ILK
D:\实验代码\DIP\DEBUG\BRIGHTENRGB.PDB
H:\MY DOCUMENT\MY TEACHING\实验代码\DIP\BRIGHTENRGB\DEBUG\BRIGHTENRGB.EXE.EMBED.MANIFEST.RES
H:\MY DOCUMENT\MY TEACHING\实验代码\DIP\BRIGHTENRGB\DEBUG\BRIGHTENRGB.EXE.INTERMEDIATE.MANIFEST
H:\MY DOCUMENT\MY TEACHING\实验代码\DIP\BRIGHTENRGB\DEBUG\BRIGHTENRGB.OBJ
H:\MY DOCUMENT\MY TEACHING\实验代码\DIP\BRIGHTENRGB\DEBUG\VC100.PDB
H:\MY DOCUMENT\MY TEACHING\实验代码\DIP\DEBUG\BRIGHTENRGB.EXE
H:\MY DOCUMENT\MY TEACHING\实验代码\DIP\DEBUG\BRIGHTENRGB.ILK
H:\MY DOCUMENT\MY TEACHING\实验代码\DIP\DEBUG\BRIGHTENRGB.PDB
H:\My Document\My teaching\实验代码\DIP_VS2010\BrightenRGB\Debug\BrightenRGB.exe.embed.manifest
H:\My Document\My teaching\实验代码\DIP_VS2010\BrightenRGB\Debug\BrightenRGB.exe.embed.manifest.res
H:\My Document\My teaching\实验代码\DIP_VS2010\BrightenRGB\Debug\BrightenRGB.exe.intermediate.manifest
H:\My Document\My teaching\实验代码\DIP_VS2010\BrightenRGB\Debug\BrightenRGB.obj
H:\My Document\My teaching\实验代码\DIP_VS2010\BrightenRGB\Debug\BrightenRGB_manifest.rc
H:\My Document\My teaching\实验代码\DIP_VS2010\BrightenRGB\Debug\cl.command.1.tlog
H:\My Document\My teaching\实验代码\DIP_VS2010\BrightenRGB\Debug\CL.read.1.tlog
H:\My Document\My teaching\实验代码\DIP_VS2010\BrightenRGB\Debug\CL.write.1.tlog
H:\My Document\My teaching\实验代码\DIP_VS2010\BrightenRGB\Debug\link.4648.read.1.tlog
H:\My Document\My teaching\实验代码\DIP_VS2010\BrightenRGB\Debug\link.4648.write.1.tlog
H:\My Document\My teaching\实验代码\DIP_VS2010\BrightenRGB\Debug\link.4648-cvtres.read.1.tlog
H:\My Document\My teaching\实验代码\DIP_VS2010\BrightenRGB\Debug\link.4648-cvtres.write.1.tlog
H:\My Document\My teaching\实验代码\DIP_VS2010\BrightenRGB\Debug\link.980.read.1.tlog
H:\My Document\My teaching\实验代码\DIP_VS2010\BrightenRGB\Debug\link.980.write.1.tlog
H:\My Document\My teaching\实验代码\DIP_VS2010\BrightenRGB\Debug\link.980-cvtres.read.1.tlog
H:\My Document\My teaching\实验代码\DIP_VS2010\BrightenRGB\Debug\link.980-cvtres.write.1.tlog
H:\My Document\My teaching\实验代码\DIP_VS2010\BrightenRGB\Debug\link.command.1.tlog
H:\My Document\My teaching\实验代码\DIP_VS2010\BrightenRGB\Debug\link.read.1.tlog
H:\My Document\My teaching\实验代码\DIP_VS2010\BrightenRGB\Debug\link.write.1.tlog
H:\My Document\My teaching\实验代码\DIP_VS2010\BrightenRGB\Debug\link-cvtres.read.1.tlog
H:\My Document\My teaching\实验代码\DIP_VS2010\BrightenRGB\Debug\link-cvtres.write.1.tlog
H:\My Document\My teaching\实验代码\DIP_VS2010\BrightenRGB\Debug\mt.command.1.tlog
H:\My Document\My teaching\实验代码\DIP_VS2010\BrightenRGB\Debug\mt.read.1.tlog
H:\My Document\My teaching\实验代码\DIP_VS2010\BrightenRGB\Debug\mt.write.1.tlog
H:\My Document\My teaching\实验代码\DIP_VS2010\BrightenRGB\Debug\rc.command.1.tlog
H:\My Document\My teaching\实验代码\DIP_VS2010\BrightenRGB\Debug\rc.read.1.tlog
H:\My Document\My teaching\实验代码\DIP_VS2010\BrightenRGB\Debug\rc.write.1.tlog
H:\My Document\My teaching\实验代码\DIP_VS2010\BrightenRGB\Debug\vc100.idb
H:\My Document\My teaching\实验代码\DIP_VS2010\BrightenRGB\Debug\vc100.pdb
H:\My Document\My teaching\实验代码\DIP_VS2010\Debug\BrightenRGB.exe
H:\My Document\My teaching\实验代码\DIP_VS2010\Debug\BrightenRGB.ilk
H:\My Document\My teaching\实验代码\DIP_VS2010\Debug\BrightenRGB.pdb
