D:\实验代码\DIP\DEBUG\HISTEQUALIZE.EXE
D:\实验代码\DIP\DEBUG\HISTEQUALIZE.ILK
D:\实验代码\DIP\DEBUG\HISTEQUALIZE.PDB
D:\实验代码\DIP\HISTEQUALIZE\DEBUG\HISTEQUALIZE.EXE.EMBED.MANIFEST
D:\实验代码\DIP\HISTEQUALIZE\DEBUG\HISTEQUALIZE.EXE.EMBED.MANIFEST.RES
D:\实验代码\DIP\HISTEQUALIZE\DEBUG\HISTEQUALIZE.EXE.INTERMEDIATE.MANIFEST
D:\实验代码\DIP\HISTEQUALIZE\DEBUG\HISTEQUALIZE.OBJ
D:\实验代码\DIP\HISTEQUALIZE\DEBUG\VC100.PDB
H:\MY DOCUMENT\MY TEACHING\实验代码\DIP\DEBUG\3_HISTEQUALIZE.EXE
H:\MY DOCUMENT\MY TEACHING\实验代码\DIP\DEBUG\3_HISTEQUALIZE.ILK
H:\MY DOCUMENT\MY TEACHING\实验代码\DIP\DEBUG\3_HISTEQUALIZE.PDB
H:\MY DOCUMENT\MY TEACHING\实验代码\DIP\DEBUG\HISTEQUALIZE.EXE
H:\MY DOCUMENT\MY TEACHING\实验代码\DIP\DEBUG\HISTEQUALIZE.ILK
H:\MY DOCUMENT\MY TEACHING\实验代码\DIP\DEBUG\HISTEQUALIZE.PDB
H:\MY DOCUMENT\MY TEACHING\实验代码\DIP\HISTEQUALIZE\DEBUG\3_HISTEQUALIZE.EXE.EMBED.MANIFEST
H:\MY DOCUMENT\MY TEACHING\实验代码\DIP\HISTEQUALIZE\DEBUG\3_HISTEQUALIZE.EXE.EMBED.MANIFEST.RES
H:\MY DOCUMENT\MY TEACHING\实验代码\DIP\HISTEQUALIZE\DEBUG\3_HISTEQUALIZE.EXE.INTERMEDIATE.MANIFEST
H:\MY DOCUMENT\MY TEACHING\实验代码\DIP\HISTEQUALIZE\DEBUG\HISTEQUALIZE.EXE.EMBED.MANIFEST.RES
H:\MY DOCUMENT\MY TEACHING\实验代码\DIP\HISTEQUALIZE\DEBUG\HISTEQUALIZE.EXE.INTERMEDIATE.MANIFEST
H:\MY DOCUMENT\MY TEACHING\实验代码\DIP\HISTEQUALIZE\DEBUG\HISTEQUALIZE.OBJ
H:\MY DOCUMENT\MY TEACHING\实验代码\DIP\HISTEQUALIZE\DEBUG\VC100.PDB
H:\My Document\My teaching\实验代码\DIP_VS2010\Debug\3_HistEqualize.exe
H:\My Document\My teaching\实验代码\DIP_VS2010\Debug\3_HistEqualize.ilk
H:\My Document\My teaching\实验代码\DIP_VS2010\Debug\3_HistEqualize.pdb
H:\My Document\My teaching\实验代码\DIP_VS2010\HistEqualize\Debug\3_HistEqualize.exe.embed.manifest
H:\My Document\My teaching\实验代码\DIP_VS2010\HistEqualize\Debug\3_HistEqualize.exe.embed.manifest.res
H:\My Document\My teaching\实验代码\DIP_VS2010\HistEqualize\Debug\3_HistEqualize.exe.intermediate.manifest
H:\My Document\My teaching\实验代码\DIP_VS2010\HistEqualize\Debug\3_HistEqualize_manifest.rc
H:\My Document\My teaching\实验代码\DIP_VS2010\HistEqualize\Debug\cl.command.1.tlog
H:\My Document\My teaching\实验代码\DIP_VS2010\HistEqualize\Debug\CL.read.1.tlog
H:\My Document\My teaching\实验代码\DIP_VS2010\HistEqualize\Debug\CL.write.1.tlog
H:\My Document\My teaching\实验代码\DIP_VS2010\HistEqualize\Debug\HistEqualize.exe.embed.manifest
H:\My Document\My teaching\实验代码\DIP_VS2010\HistEqualize\Debug\HistEqualize.exe.embed.manifest.res
H:\My Document\My teaching\实验代码\DIP_VS2010\HistEqualize\Debug\HistEqualize.exe.intermediate.manifest
H:\My Document\My teaching\实验代码\DIP_VS2010\HistEqualize\Debug\HistEqualize.obj
H:\My Document\My teaching\实验代码\DIP_VS2010\HistEqualize\Debug\HistEqualize_manifest.rc
H:\My Document\My teaching\实验代码\DIP_VS2010\HistEqualize\Debug\link.1128.read.1.tlog
H:\My Document\My teaching\实验代码\DIP_VS2010\HistEqualize\Debug\link.1128.write.1.tlog
H:\My Document\My teaching\实验代码\DIP_VS2010\HistEqualize\Debug\link.1128-cvtres.read.1.tlog
H:\My Document\My teaching\实验代码\DIP_VS2010\HistEqualize\Debug\link.1128-cvtres.write.1.tlog
H:\My Document\My teaching\实验代码\DIP_VS2010\HistEqualize\Debug\link.1688.read.1.tlog
H:\My Document\My teaching\实验代码\DIP_VS2010\HistEqualize\Debug\link.1688.write.1.tlog
H:\My Document\My teaching\实验代码\DIP_VS2010\HistEqualize\Debug\link.1688-cvtres.read.1.tlog
H:\My Document\My teaching\实验代码\DIP_VS2010\HistEqualize\Debug\link.1688-cvtres.write.1.tlog
H:\My Document\My teaching\实验代码\DIP_VS2010\HistEqualize\Debug\link.2548.read.1.tlog
H:\My Document\My teaching\实验代码\DIP_VS2010\HistEqualize\Debug\link.2548.write.1.tlog
H:\My Document\My teaching\实验代码\DIP_VS2010\HistEqualize\Debug\link.2548-cvtres.read.1.tlog
H:\My Document\My teaching\实验代码\DIP_VS2010\HistEqualize\Debug\link.2548-cvtres.write.1.tlog
H:\My Document\My teaching\实验代码\DIP_VS2010\HistEqualize\Debug\link.4872.read.1.tlog
H:\My Document\My teaching\实验代码\DIP_VS2010\HistEqualize\Debug\link.4872.write.1.tlog
H:\My Document\My teaching\实验代码\DIP_VS2010\HistEqualize\Debug\link.4872-cvtres.read.1.tlog
H:\My Document\My teaching\实验代码\DIP_VS2010\HistEqualize\Debug\link.4872-cvtres.write.1.tlog
H:\My Document\My teaching\实验代码\DIP_VS2010\HistEqualize\Debug\link.command.1.tlog
H:\My Document\My teaching\实验代码\DIP_VS2010\HistEqualize\Debug\link.read.1.tlog
H:\My Document\My teaching\实验代码\DIP_VS2010\HistEqualize\Debug\link.write.1.tlog
H:\My Document\My teaching\实验代码\DIP_VS2010\HistEqualize\Debug\link-cvtres.read.1.tlog
H:\My Document\My teaching\实验代码\DIP_VS2010\HistEqualize\Debug\link-cvtres.write.1.tlog
H:\My Document\My teaching\实验代码\DIP_VS2010\HistEqualize\Debug\mt.command.1.tlog
H:\My Document\My teaching\实验代码\DIP_VS2010\HistEqualize\Debug\mt.read.1.tlog
H:\My Document\My teaching\实验代码\DIP_VS2010\HistEqualize\Debug\mt.write.1.tlog
H:\My Document\My teaching\实验代码\DIP_VS2010\HistEqualize\Debug\rc.command.1.tlog
H:\My Document\My teaching\实验代码\DIP_VS2010\HistEqualize\Debug\rc.read.1.tlog
H:\My Document\My teaching\实验代码\DIP_VS2010\HistEqualize\Debug\rc.write.1.tlog
H:\My Document\My teaching\实验代码\DIP_VS2010\HistEqualize\Debug\vc100.idb
H:\My Document\My teaching\实验代码\DIP_VS2010\HistEqualize\Debug\vc100.pdb
