Build started 2014-5-6 16:29:12.
     1>Project "H:\My Document\My teaching\实验代码\DIP_VS2010\Load and Display an Image\Load and Display an Image.vcxproj" on node 5 (build target(s)).
     1>InitializeBuildStatus:
         Creating "Debug\Load and Display an Image.unsuccessfulbuild" because "AlwaysCreate" was specified.
       ClCompile:
         C:\Program Files\Microsoft Visual Studio 10.0\VC\bin\CL.exe /c /I..\..\OpenCV2.4.3\opencv\build\include /ZI /nologo /W3 /WX- /Od /Oy- /D WIN32 /D _DEBUG /D _CONSOLE /D _UNICODE /D UNICODE /Gm /EHsc /RTC1 /MDd /GS /fp:precise /Zc:wchar_t /Zc:forScope /Fo"Debug\\" /Fd"Debug\vc100.pdb" /Gd /TP /analyze- /errorReport:prompt display_image.cpp
         display_image.cpp
       ManifestResourceCompile:
         C:\Program Files\Microsoft SDKs\Windows\v7.0A\bin\rc.exe /nologo /fo"Debug\Load and Display an Image.exe.embed.manifest.res" "Debug\Load and Display an Image_manifest.rc" 
       Link:
         C:\Program Files\Microsoft Visual Studio 10.0\VC\bin\link.exe /ERRORREPORT:PROMPT /OUT:"H:\My Document\My teaching\实验代码\DIP_VS2010\Debug\Load and Display an Image.exe" /INCREMENTAL /NOLOGO /LIBPATH:..\..\OpenCV2.4.3\opencv\build\x86\vc10\lib opencv_core243d.lib opencv_imgproc243d.lib opencv_highgui243d.lib opencv_ml243d.lib opencv_video243d.lib opencv_features2d243d.lib opencv_calib3d243d.lib opencv_objdetect243d.lib opencv_contrib243d.lib opencv_legacy243d.lib opencv_flann243d.lib kernel32.lib user32.lib gdi32.lib winspool.lib comdlg32.lib advapi32.lib shell32.lib ole32.lib oleaut32.lib uuid.lib odbc32.lib odbccp32.lib /MANIFEST /ManifestFile:"Debug\Load and Display an Image.exe.intermediate.manifest" /MANIFESTUAC:"level='asInvoker' uiAccess='false'" /DEBUG /PDB:"H:\My Document\My teaching\实验代码\DIP_VS2010\Debug\Load and Display an Image.pdb" /SUBSYSTEM:CONSOLE /TLBID:1 /DYNAMICBASE /NXCOMPAT /IMPLIB:"H:\My Document\My teaching\实验代码\DIP_VS2010\Debug\Load and Display an Image.lib" /MACHINE:X86 "Debug\Load and Display an Image.exe.embed.manifest.res"
         Debug\display_image.obj
       Manifest:
         C:\Program Files\Microsoft SDKs\Windows\v7.0A\bin\mt.exe /nologo /verbose /out:"Debug\Load and Display an Image.exe.embed.manifest" /manifest "Debug\Load and Display an Image.exe.intermediate.manifest"
         C:\Program Files\Microsoft SDKs\Windows\v7.0A\bin\rc.exe /nologo /fo"Debug\Load and Display an Image.exe.embed.manifest.res" "Debug\Load and Display an Image_manifest.rc" 
       LinkEmbedManifest:
         C:\Program Files\Microsoft Visual Studio 10.0\VC\bin\link.exe /ERRORREPORT:PROMPT /OUT:"H:\My Document\My teaching\实验代码\DIP_VS2010\Debug\Load and Display an Image.exe" /INCREMENTAL /NOLOGO /LIBPATH:..\..\OpenCV2.4.3\opencv\build\x86\vc10\lib opencv_core243d.lib opencv_imgproc243d.lib opencv_highgui243d.lib opencv_ml243d.lib opencv_video243d.lib opencv_features2d243d.lib opencv_calib3d243d.lib opencv_objdetect243d.lib opencv_contrib243d.lib opencv_legacy243d.lib opencv_flann243d.lib kernel32.lib user32.lib gdi32.lib winspool.lib comdlg32.lib advapi32.lib shell32.lib ole32.lib oleaut32.lib uuid.lib odbc32.lib odbccp32.lib /MANIFEST /ManifestFile:"Debug\Load and Display an Image.exe.intermediate.manifest" /MANIFESTUAC:"level='asInvoker' uiAccess='false'" /DEBUG /PDB:"H:\My Document\My teaching\实验代码\DIP_VS2010\Debug\Load and Display an Image.pdb" /SUBSYSTEM:CONSOLE /TLBID:1 /DYNAMICBASE /NXCOMPAT /IMPLIB:"H:\My Document\My teaching\实验代码\DIP_VS2010\Debug\Load and Display an Image.lib" /MACHINE:X86 "Debug\Load and Display an Image.exe.embed.manifest.res"
         Debug\display_image.obj
         Load and Display an Image.vcxproj -> H:\My Document\My teaching\实验代码\DIP_VS2010\Debug\Load and Display an Image.exe
       FinalizeBuildStatus:
         Deleting file "Debug\Load and Display an Image.unsuccessfulbuild".
         Touching "Debug\Load and Display an Image.lastbuildstate".
     1>Done Building Project "H:\My Document\My teaching\实验代码\DIP_VS2010\Load and Display an Image\Load and Display an Image.vcxproj" (build target(s)).

Build succeeded.

Time Elapsed 00:00:03.25
