D:\实验代码\DIP\DEBUG\LOAD AND DISPLAY AN IMAGE.EXE
D:\实验代码\DIP\DEBUG\LOAD AND DISPLAY AN IMAGE.ILK
D:\实验代码\DIP\DEBUG\LOAD AND DISPLAY AN IMAGE.PDB
D:\实验代码\DIP\LOAD AND DISPLAY AN IMAGE\DEBUG\DISPLAY_IMAGE.OBJ
D:\实验代码\DIP\LOAD AND DISPLAY AN IMAGE\DEBUG\LOAD AND DISPLAY AN IMAGE.EXE.EMBED.MANIFEST
D:\实验代码\DIP\LOAD AND DISPLAY AN IMAGE\DEBUG\LOAD AND DISPLAY AN IMAGE.EXE.EMBED.MANIFEST.RES
D:\实验代码\DIP\LOAD AND DISPLAY AN IMAGE\DEBUG\LOAD AND DISPLAY AN IMAGE.EXE.INTERMEDIATE.MANIFEST
D:\实验代码\DIP\LOAD AND DISPLAY AN IMAGE\DEBUG\VC100.PDB
H:\MY DOCUMENT\MY TEACHING\实验代码\DIP\DEBUG\LOAD AND DISPLAY AN IMAGE.EXE
H:\MY DOCUMENT\MY TEACHING\实验代码\DIP\DEBUG\LOAD AND DISPLAY AN IMAGE.ILK
H:\MY DOCUMENT\MY TEACHING\实验代码\DIP\DEBUG\LOAD AND DISPLAY AN IMAGE.PDB
H:\MY DOCUMENT\MY TEACHING\实验代码\DIP\LOAD AND DISPLAY AN IMAGE\DEBUG\DISPLAY_IMAGE.OBJ
H:\MY DOCUMENT\MY TEACHING\实验代码\DIP\LOAD AND DISPLAY AN IMAGE\DEBUG\LOAD AND DISPLAY AN IMAGE.EXE.EMBED.MANIFEST.RES
H:\MY DOCUMENT\MY TEACHING\实验代码\DIP\LOAD AND DISPLAY AN IMAGE\DEBUG\LOAD AND DISPLAY AN IMAGE.EXE.INTERMEDIATE.MANIFEST
H:\MY DOCUMENT\MY TEACHING\实验代码\DIP\LOAD AND DISPLAY AN IMAGE\DEBUG\VC100.PDB
H:\My Document\My teaching\实验代码\DIP_VS2010\Debug\Load and Display an Image.exe
H:\My Document\My teaching\实验代码\DIP_VS2010\Debug\Load and Display an Image.ilk
H:\My Document\My teaching\实验代码\DIP_VS2010\Debug\Load and Display an Image.pdb
H:\My Document\My teaching\实验代码\DIP_VS2010\Load and Display an Image\Debug\cl.command.1.tlog
H:\My Document\My teaching\实验代码\DIP_VS2010\Load and Display an Image\Debug\CL.read.1.tlog
H:\My Document\My teaching\实验代码\DIP_VS2010\Load and Display an Image\Debug\CL.write.1.tlog
H:\My Document\My teaching\实验代码\DIP_VS2010\Load and Display an Image\Debug\display_image.obj
H:\My Document\My teaching\实验代码\DIP_VS2010\Load and Display an Image\Debug\link.3644.read.1.tlog
H:\My Document\My teaching\实验代码\DIP_VS2010\Load and Display an Image\Debug\link.3644.write.1.tlog
H:\My Document\My teaching\实验代码\DIP_VS2010\Load and Display an Image\Debug\link.3644-cvtres.read.1.tlog
H:\My Document\My teaching\实验代码\DIP_VS2010\Load and Display an Image\Debug\link.3644-cvtres.write.1.tlog
H:\My Document\My teaching\实验代码\DIP_VS2010\Load and Display an Image\Debug\link.5920.read.1.tlog
H:\My Document\My teaching\实验代码\DIP_VS2010\Load and Display an Image\Debug\link.5920.write.1.tlog
H:\My Document\My teaching\实验代码\DIP_VS2010\Load and Display an Image\Debug\link.5920-cvtres.read.1.tlog
H:\My Document\My teaching\实验代码\DIP_VS2010\Load and Display an Image\Debug\link.5920-cvtres.write.1.tlog
H:\My Document\My teaching\实验代码\DIP_VS2010\Load and Display an Image\Debug\link.command.1.tlog
H:\My Document\My teaching\实验代码\DIP_VS2010\Load and Display an Image\Debug\link.read.1.tlog
H:\My Document\My teaching\实验代码\DIP_VS2010\Load and Display an Image\Debug\link.write.1.tlog
H:\My Document\My teaching\实验代码\DIP_VS2010\Load and Display an Image\Debug\link-cvtres.read.1.tlog
H:\My Document\My teaching\实验代码\DIP_VS2010\Load and Display an Image\Debug\link-cvtres.write.1.tlog
H:\My Document\My teaching\实验代码\DIP_VS2010\Load and Display an Image\Debug\Load and Display an Image.exe.embed.manifest
H:\My Document\My teaching\实验代码\DIP_VS2010\Load and Display an Image\Debug\Load and Display an Image.exe.embed.manifest.res
H:\My Document\My teaching\实验代码\DIP_VS2010\Load and Display an Image\Debug\Load and Display an Image.exe.intermediate.manifest
H:\My Document\My teaching\实验代码\DIP_VS2010\Load and Display an Image\Debug\Load and Display an Image_manifest.rc
H:\My Document\My teaching\实验代码\DIP_VS2010\Load and Display an Image\Debug\mt.command.1.tlog
H:\My Document\My teaching\实验代码\DIP_VS2010\Load and Display an Image\Debug\mt.read.1.tlog
H:\My Document\My teaching\实验代码\DIP_VS2010\Load and Display an Image\Debug\mt.write.1.tlog
H:\My Document\My teaching\实验代码\DIP_VS2010\Load and Display an Image\Debug\rc.command.1.tlog
H:\My Document\My teaching\实验代码\DIP_VS2010\Load and Display an Image\Debug\rc.read.1.tlog
H:\My Document\My teaching\实验代码\DIP_VS2010\Load and Display an Image\Debug\rc.write.1.tlog
H:\My Document\My teaching\实验代码\DIP_VS2010\Load and Display an Image\Debug\vc100.idb
H:\My Document\My teaching\实验代码\DIP_VS2010\Load and Display an Image\Debug\vc100.pdb
