D:\实验代码\DIP\DEBUG\REVERSECOLOR.EXE
D:\实验代码\DIP\DEBUG\REVERSECOLOR.ILK
D:\实验代码\DIP\DEBUG\REVERSECOLOR.PDB
D:\实验代码\DIP\REVERSECOLOR\DEBUG\REVERSECOLOR.EXE.EMBED.MANIFEST
D:\实验代码\DIP\REVERSECOLOR\DEBUG\REVERSECOLOR.EXE.EMBED.MANIFEST.RES
D:\实验代码\DIP\REVERSECOLOR\DEBUG\REVERSECOLOR.EXE.INTERMEDIATE.MANIFEST
D:\实验代码\DIP\REVERSECOLOR\DEBUG\REVERSECOLOR.OBJ
D:\实验代码\DIP\REVERSECOLOR\DEBUG\VC100.PDB
H:\MY DOCUMENT\MY TEACHING\实验代码\DIP\DEBUG\2_REVERSECOLOR.EXE
H:\MY DOCUMENT\MY TEACHING\实验代码\DIP\DEBUG\2_REVERSECOLOR.ILK
H:\MY DOCUMENT\MY TEACHING\实验代码\DIP\DEBUG\2_REVERSECOLOR.PDB
H:\MY DOCUMENT\MY TEACHING\实验代码\DIP\DEBUG\REVERSECOLOR.EXE
H:\MY DOCUMENT\MY TEACHING\实验代码\DIP\DEBUG\REVERSECOLOR.ILK
H:\MY DOCUMENT\MY TEACHING\实验代码\DIP\DEBUG\REVERSECOLOR.PDB
H:\MY DOCUMENT\MY TEACHING\实验代码\DIP\REVERSECOLOR\DEBUG\2_REVERSECOLOR.EXE.EMBED.MANIFEST
H:\MY DOCUMENT\MY TEACHING\实验代码\DIP\REVERSECOLOR\DEBUG\2_REVERSECOLOR.EXE.EMBED.MANIFEST.RES
H:\MY DOCUMENT\MY TEACHING\实验代码\DIP\REVERSECOLOR\DEBUG\2_REVERSECOLOR.EXE.INTERMEDIATE.MANIFEST
H:\MY DOCUMENT\MY TEACHING\实验代码\DIP\REVERSECOLOR\DEBUG\REVERSECOLOR.EXE.EMBED.MANIFEST.RES
H:\MY DOCUMENT\MY TEACHING\实验代码\DIP\REVERSECOLOR\DEBUG\REVERSECOLOR.EXE.INTERMEDIATE.MANIFEST
H:\MY DOCUMENT\MY TEACHING\实验代码\DIP\REVERSECOLOR\DEBUG\REVERSECOLOR.OBJ
H:\MY DOCUMENT\MY TEACHING\实验代码\DIP\REVERSECOLOR\DEBUG\VC100.PDB
H:\My Document\My teaching\实验代码\DIP_VS2010\Debug\2_ReverseColor.exe
H:\My Document\My teaching\实验代码\DIP_VS2010\Debug\2_ReverseColor.ilk
H:\My Document\My teaching\实验代码\DIP_VS2010\Debug\2_ReverseColor.pdb
H:\My Document\My teaching\实验代码\DIP_VS2010\ReverseColor\Debug\2_ReverseColor.exe.embed.manifest
H:\My Document\My teaching\实验代码\DIP_VS2010\ReverseColor\Debug\2_ReverseColor.exe.embed.manifest.res
H:\My Document\My teaching\实验代码\DIP_VS2010\ReverseColor\Debug\2_ReverseColor.exe.intermediate.manifest
H:\My Document\My teaching\实验代码\DIP_VS2010\ReverseColor\Debug\2_ReverseColor_manifest.rc
H:\My Document\My teaching\实验代码\DIP_VS2010\ReverseColor\Debug\cl.command.1.tlog
H:\My Document\My teaching\实验代码\DIP_VS2010\ReverseColor\Debug\CL.read.1.tlog
H:\My Document\My teaching\实验代码\DIP_VS2010\ReverseColor\Debug\CL.write.1.tlog
H:\My Document\My teaching\实验代码\DIP_VS2010\ReverseColor\Debug\link.2520.read.1.tlog
H:\My Document\My teaching\实验代码\DIP_VS2010\ReverseColor\Debug\link.2520.write.1.tlog
H:\My Document\My teaching\实验代码\DIP_VS2010\ReverseColor\Debug\link.2520-cvtres.read.1.tlog
H:\My Document\My teaching\实验代码\DIP_VS2010\ReverseColor\Debug\link.2520-cvtres.write.1.tlog
H:\My Document\My teaching\实验代码\DIP_VS2010\ReverseColor\Debug\link.4640.read.1.tlog
H:\My Document\My teaching\实验代码\DIP_VS2010\ReverseColor\Debug\link.4640.write.1.tlog
H:\My Document\My teaching\实验代码\DIP_VS2010\ReverseColor\Debug\link.4640-cvtres.read.1.tlog
H:\My Document\My teaching\实验代码\DIP_VS2010\ReverseColor\Debug\link.4640-cvtres.write.1.tlog
H:\My Document\My teaching\实验代码\DIP_VS2010\ReverseColor\Debug\link.6020.read.1.tlog
H:\My Document\My teaching\实验代码\DIP_VS2010\ReverseColor\Debug\link.6020.write.1.tlog
H:\My Document\My teaching\实验代码\DIP_VS2010\ReverseColor\Debug\link.6020-cvtres.read.1.tlog
H:\My Document\My teaching\实验代码\DIP_VS2010\ReverseColor\Debug\link.6020-cvtres.write.1.tlog
H:\My Document\My teaching\实验代码\DIP_VS2010\ReverseColor\Debug\link.command.1.tlog
H:\My Document\My teaching\实验代码\DIP_VS2010\ReverseColor\Debug\link.read.1.tlog
H:\My Document\My teaching\实验代码\DIP_VS2010\ReverseColor\Debug\link.write.1.tlog
H:\My Document\My teaching\实验代码\DIP_VS2010\ReverseColor\Debug\link-cvtres.read.1.tlog
H:\My Document\My teaching\实验代码\DIP_VS2010\ReverseColor\Debug\link-cvtres.write.1.tlog
H:\My Document\My teaching\实验代码\DIP_VS2010\ReverseColor\Debug\mt.command.1.tlog
H:\My Document\My teaching\实验代码\DIP_VS2010\ReverseColor\Debug\mt.read.1.tlog
H:\My Document\My teaching\实验代码\DIP_VS2010\ReverseColor\Debug\mt.write.1.tlog
H:\My Document\My teaching\实验代码\DIP_VS2010\ReverseColor\Debug\rc.command.1.tlog
H:\My Document\My teaching\实验代码\DIP_VS2010\ReverseColor\Debug\rc.read.1.tlog
H:\My Document\My teaching\实验代码\DIP_VS2010\ReverseColor\Debug\rc.write.1.tlog
H:\My Document\My teaching\实验代码\DIP_VS2010\ReverseColor\Debug\ReverseColor.exe.embed.manifest
H:\My Document\My teaching\实验代码\DIP_VS2010\ReverseColor\Debug\ReverseColor.exe.embed.manifest.res
H:\My Document\My teaching\实验代码\DIP_VS2010\ReverseColor\Debug\ReverseColor.exe.intermediate.manifest
H:\My Document\My teaching\实验代码\DIP_VS2010\ReverseColor\Debug\ReverseColor.obj
H:\My Document\My teaching\实验代码\DIP_VS2010\ReverseColor\Debug\ReverseColor_manifest.rc
H:\My Document\My teaching\实验代码\DIP_VS2010\ReverseColor\Debug\vc100.idb
H:\My Document\My teaching\实验代码\DIP_VS2010\ReverseColor\Debug\vc100.pdb
