D:\实验代码\DIP\CALCGRAYIMGHISTOGRAM\DEBUG\CALCGRAYIMGHISTOGRAM.EXE.EMBED.MANIFEST
D:\实验代码\DIP\CALCGRAYIMGHISTOGRAM\DEBUG\CALCGRAYIMGHISTOGRAM.EXE.EMBED.MANIFEST.RES
D:\实验代码\DIP\CALCGRAYIMGHISTOGRAM\DEBUG\CALCGRAYIMGHISTOGRAM.EXE.INTERMEDIATE.MANIFEST
D:\实验代码\DIP\CALCGRAYIMGHISTOGRAM\DEBUG\CALCGRAYIMGHISTOGRAM.OBJ
D:\实验代码\DIP\CALCGRAYIMGHISTOGRAM\DEBUG\VC100.PDB
D:\实验代码\DIP\DEBUG\CALCGRAYIMGHISTOGRAM.EXE
D:\实验代码\DIP\DEBUG\CALCGRAYIMGHISTOGRAM.ILK
D:\实验代码\DIP\DEBUG\CALCGRAYIMGHISTOGRAM.PDB
H:\MY DOCUMENT\MY TEACHING\实验代码\DIP\CALCGRAYIMGHISTOGRAM\DEBUG\CALCGRAYIMGHISTOGRAM.EXE.EMBED.MANIFEST.RES
H:\MY DOCUMENT\MY TEACHING\实验代码\DIP\CALCGRAYIMGHISTOGRAM\DEBUG\CALCGRAYIMGHISTOGRAM.EXE.INTERMEDIATE.MANIFEST
H:\MY DOCUMENT\MY TEACHING\实验代码\DIP\CALCGRAYIMGHISTOGRAM\DEBUG\CALCGRAYIMGHISTOGRAM.OBJ
H:\MY DOCUMENT\MY TEACHING\实验代码\DIP\CALCGRAYIMGHISTOGRAM\DEBUG\VC100.PDB
H:\MY DOCUMENT\MY TEACHING\实验代码\DIP\DEBUG\CALCGRAYIMGHISTOGRAM.EXE
H:\MY DOCUMENT\MY TEACHING\实验代码\DIP\DEBUG\CALCGRAYIMGHISTOGRAM.ILK
H:\MY DOCUMENT\MY TEACHING\实验代码\DIP\DEBUG\CALCGRAYIMGHISTOGRAM.PDB
H:\My Document\My teaching\实验代码\DIP_VS2010\CalcGrayImgHistogram\Debug\CalcGrayImgHistogram.exe.embed.manifest
H:\My Document\My teaching\实验代码\DIP_VS2010\CalcGrayImgHistogram\Debug\CalcGrayImgHistogram.exe.embed.manifest.res
H:\My Document\My teaching\实验代码\DIP_VS2010\CalcGrayImgHistogram\Debug\CalcGrayImgHistogram.exe.intermediate.manifest
H:\My Document\My teaching\实验代码\DIP_VS2010\CalcGrayImgHistogram\Debug\CalcGrayImgHistogram.obj
H:\My Document\My teaching\实验代码\DIP_VS2010\CalcGrayImgHistogram\Debug\CalcGrayImgHistogram_manifest.rc
H:\My Document\My teaching\实验代码\DIP_VS2010\CalcGrayImgHistogram\Debug\cl.command.1.tlog
H:\My Document\My teaching\实验代码\DIP_VS2010\CalcGrayImgHistogram\Debug\CL.read.1.tlog
H:\My Document\My teaching\实验代码\DIP_VS2010\CalcGrayImgHistogram\Debug\CL.write.1.tlog
H:\My Document\My teaching\实验代码\DIP_VS2010\CalcGrayImgHistogram\Debug\link.1984.read.1.tlog
H:\My Document\My teaching\实验代码\DIP_VS2010\CalcGrayImgHistogram\Debug\link.1984.write.1.tlog
H:\My Document\My teaching\实验代码\DIP_VS2010\CalcGrayImgHistogram\Debug\link.1984-cvtres.read.1.tlog
H:\My Document\My teaching\实验代码\DIP_VS2010\CalcGrayImgHistogram\Debug\link.1984-cvtres.write.1.tlog
H:\My Document\My teaching\实验代码\DIP_VS2010\CalcGrayImgHistogram\Debug\link.2436.read.1.tlog
H:\My Document\My teaching\实验代码\DIP_VS2010\CalcGrayImgHistogram\Debug\link.2436.write.1.tlog
H:\My Document\My teaching\实验代码\DIP_VS2010\CalcGrayImgHistogram\Debug\link.2436-cvtres.read.1.tlog
H:\My Document\My teaching\实验代码\DIP_VS2010\CalcGrayImgHistogram\Debug\link.2436-cvtres.write.1.tlog
H:\My Document\My teaching\实验代码\DIP_VS2010\CalcGrayImgHistogram\Debug\link.2836.read.1.tlog
H:\My Document\My teaching\实验代码\DIP_VS2010\CalcGrayImgHistogram\Debug\link.2836.write.1.tlog
H:\My Document\My teaching\实验代码\DIP_VS2010\CalcGrayImgHistogram\Debug\link.2836-cvtres.read.1.tlog
H:\My Document\My teaching\实验代码\DIP_VS2010\CalcGrayImgHistogram\Debug\link.2836-cvtres.write.1.tlog
H:\My Document\My teaching\实验代码\DIP_VS2010\CalcGrayImgHistogram\Debug\link.2964.read.1.tlog
H:\My Document\My teaching\实验代码\DIP_VS2010\CalcGrayImgHistogram\Debug\link.2964.write.1.tlog
H:\My Document\My teaching\实验代码\DIP_VS2010\CalcGrayImgHistogram\Debug\link.2964-cvtres.read.1.tlog
H:\My Document\My teaching\实验代码\DIP_VS2010\CalcGrayImgHistogram\Debug\link.2964-cvtres.write.1.tlog
H:\My Document\My teaching\实验代码\DIP_VS2010\CalcGrayImgHistogram\Debug\link.3156.read.1.tlog
H:\My Document\My teaching\实验代码\DIP_VS2010\CalcGrayImgHistogram\Debug\link.3156.write.1.tlog
H:\My Document\My teaching\实验代码\DIP_VS2010\CalcGrayImgHistogram\Debug\link.3156-cvtres.read.1.tlog
H:\My Document\My teaching\实验代码\DIP_VS2010\CalcGrayImgHistogram\Debug\link.3156-cvtres.write.1.tlog
H:\My Document\My teaching\实验代码\DIP_VS2010\CalcGrayImgHistogram\Debug\link.3264.read.1.tlog
H:\My Document\My teaching\实验代码\DIP_VS2010\CalcGrayImgHistogram\Debug\link.3264.write.1.tlog
H:\My Document\My teaching\实验代码\DIP_VS2010\CalcGrayImgHistogram\Debug\link.3264-cvtres.read.1.tlog
H:\My Document\My teaching\实验代码\DIP_VS2010\CalcGrayImgHistogram\Debug\link.3264-cvtres.write.1.tlog
H:\My Document\My teaching\实验代码\DIP_VS2010\CalcGrayImgHistogram\Debug\link.command.1.tlog
H:\My Document\My teaching\实验代码\DIP_VS2010\CalcGrayImgHistogram\Debug\link.read.1.tlog
H:\My Document\My teaching\实验代码\DIP_VS2010\CalcGrayImgHistogram\Debug\link.write.1.tlog
H:\My Document\My teaching\实验代码\DIP_VS2010\CalcGrayImgHistogram\Debug\link-cvtres.read.1.tlog
H:\My Document\My teaching\实验代码\DIP_VS2010\CalcGrayImgHistogram\Debug\link-cvtres.write.1.tlog
H:\My Document\My teaching\实验代码\DIP_VS2010\CalcGrayImgHistogram\Debug\mt.command.1.tlog
H:\My Document\My teaching\实验代码\DIP_VS2010\CalcGrayImgHistogram\Debug\mt.read.1.tlog
H:\My Document\My teaching\实验代码\DIP_VS2010\CalcGrayImgHistogram\Debug\mt.write.1.tlog
H:\My Document\My teaching\实验代码\DIP_VS2010\CalcGrayImgHistogram\Debug\rc.command.1.tlog
H:\My Document\My teaching\实验代码\DIP_VS2010\CalcGrayImgHistogram\Debug\rc.read.1.tlog
H:\My Document\My teaching\实验代码\DIP_VS2010\CalcGrayImgHistogram\Debug\rc.write.1.tlog
H:\My Document\My teaching\实验代码\DIP_VS2010\CalcGrayImgHistogram\Debug\vc100.idb
H:\My Document\My teaching\实验代码\DIP_VS2010\CalcGrayImgHistogram\Debug\vc100.pdb
H:\My Document\My teaching\实验代码\DIP_VS2010\Debug\CalcGrayImgHistogram.exe
H:\My Document\My teaching\实验代码\DIP_VS2010\Debug\CalcGrayImgHistogram.ilk
H:\My Document\My teaching\实验代码\DIP_VS2010\Debug\CalcGrayImgHistogram.pdb
