D:\实验代码\DIP\DEBUG\MAKENORMALLYDISTRIBUTEDIMG.EXE
D:\实验代码\DIP\DEBUG\MAKENORMALLYDISTRIBUTEDIMG.ILK
D:\实验代码\DIP\DEBUG\MAKENORMALLYDISTRIBUTEDIMG.PDB
D:\实验代码\DIP\MAKENORMALLYDISTRIBUTEDIMG\DEBUG\MAKENORMALLYDISTRIBUTEDIMG.EXE.EMBED.MANIFEST
D:\实验代码\DIP\MAKENORMALLYDISTRIBUTEDIMG\DEBUG\MAKENORMALLYDISTRIBUTEDIMG.EXE.EMBED.MANIFEST.RES
D:\实验代码\DIP\MAKENORMALLYDISTRIBUTEDIMG\DEBUG\MAKENORMALLYDISTRIBUTEDIMG.EXE.INTERMEDIATE.MANIFEST
D:\实验代码\DIP\MAKENORMALLYDISTRIBUTEDIMG\DEBUG\MAKENORMALLYDISTRIBUTEDIMG.OBJ
D:\实验代码\DIP\MAKENORMALLYDISTRIBUTEDIMG\DEBUG\VC100.PDB
H:\MY DOCUMENT\MY TEACHING\实验代码\DIP\DEBUG\MAKENORMALLYDISTRIBUTEDIMG.EXE
H:\MY DOCUMENT\MY TEACHING\实验代码\DIP\DEBUG\MAKENORMALLYDISTRIBUTEDIMG.ILK
H:\MY DOCUMENT\MY TEACHING\实验代码\DIP\DEBUG\MAKENORMALLYDISTRIBUTEDIMG.PDB
H:\MY DOCUMENT\MY TEACHING\实验代码\DIP\MAKENORMALLYDISTRIBUTEDIMG\DEBUG\MAKENORMALLYDISTRIBUTEDIMG.EXE.EMBED.MANIFEST.RES
H:\MY DOCUMENT\MY TEACHING\实验代码\DIP\MAKENORMALLYDISTRIBUTEDIMG\DEBUG\MAKENORMALLYDISTRIBUTEDIMG.EXE.INTERMEDIATE.MANIFEST
H:\MY DOCUMENT\MY TEACHING\实验代码\DIP\MAKENORMALLYDISTRIBUTEDIMG\DEBUG\MAKENORMALLYDISTRIBUTEDIMG.OBJ
H:\MY DOCUMENT\MY TEACHING\实验代码\DIP\MAKENORMALLYDISTRIBUTEDIMG\DEBUG\VC100.PDB
H:\My Document\My teaching\实验代码\DIP_VS2010\Debug\MakeNormallyDistributedImg.exe
H:\My Document\My teaching\实验代码\DIP_VS2010\Debug\MakeNormallyDistributedImg.ilk
H:\My Document\My teaching\实验代码\DIP_VS2010\Debug\MakeNormallyDistributedImg.pdb
H:\My Document\My teaching\实验代码\DIP_VS2010\MakeNormallyDistributedImg\Debug\cl.command.1.tlog
H:\My Document\My teaching\实验代码\DIP_VS2010\MakeNormallyDistributedImg\Debug\CL.read.1.tlog
H:\My Document\My teaching\实验代码\DIP_VS2010\MakeNormallyDistributedImg\Debug\CL.write.1.tlog
H:\My Document\My teaching\实验代码\DIP_VS2010\MakeNormallyDistributedImg\Debug\link.1172.read.1.tlog
H:\My Document\My teaching\实验代码\DIP_VS2010\MakeNormallyDistributedImg\Debug\link.1172.write.1.tlog
H:\My Document\My teaching\实验代码\DIP_VS2010\MakeNormallyDistributedImg\Debug\link.1172-cvtres.read.1.tlog
H:\My Document\My teaching\实验代码\DIP_VS2010\MakeNormallyDistributedImg\Debug\link.1172-cvtres.write.1.tlog
H:\My Document\My teaching\实验代码\DIP_VS2010\MakeNormallyDistributedImg\Debug\link.1476.read.1.tlog
H:\My Document\My teaching\实验代码\DIP_VS2010\MakeNormallyDistributedImg\Debug\link.1476.write.1.tlog
H:\My Document\My teaching\实验代码\DIP_VS2010\MakeNormallyDistributedImg\Debug\link.1476-cvtres.read.1.tlog
H:\My Document\My teaching\实验代码\DIP_VS2010\MakeNormallyDistributedImg\Debug\link.1476-cvtres.write.1.tlog
H:\My Document\My teaching\实验代码\DIP_VS2010\MakeNormallyDistributedImg\Debug\link.3048.read.1.tlog
H:\My Document\My teaching\实验代码\DIP_VS2010\MakeNormallyDistributedImg\Debug\link.3048.write.1.tlog
H:\My Document\My teaching\实验代码\DIP_VS2010\MakeNormallyDistributedImg\Debug\link.3048-cvtres.read.1.tlog
H:\My Document\My teaching\实验代码\DIP_VS2010\MakeNormallyDistributedImg\Debug\link.3048-cvtres.write.1.tlog
H:\My Document\My teaching\实验代码\DIP_VS2010\MakeNormallyDistributedImg\Debug\link.3548.read.1.tlog
H:\My Document\My teaching\实验代码\DIP_VS2010\MakeNormallyDistributedImg\Debug\link.3548.write.1.tlog
H:\My Document\My teaching\实验代码\DIP_VS2010\MakeNormallyDistributedImg\Debug\link.3548-cvtres.read.1.tlog
H:\My Document\My teaching\实验代码\DIP_VS2010\MakeNormallyDistributedImg\Debug\link.3548-cvtres.write.1.tlog
H:\My Document\My teaching\实验代码\DIP_VS2010\MakeNormallyDistributedImg\Debug\link.3888.read.1.tlog
H:\My Document\My teaching\实验代码\DIP_VS2010\MakeNormallyDistributedImg\Debug\link.3888.write.1.tlog
H:\My Document\My teaching\实验代码\DIP_VS2010\MakeNormallyDistributedImg\Debug\link.3888-cvtres.read.1.tlog
H:\My Document\My teaching\实验代码\DIP_VS2010\MakeNormallyDistributedImg\Debug\link.3888-cvtres.write.1.tlog
H:\My Document\My teaching\实验代码\DIP_VS2010\MakeNormallyDistributedImg\Debug\link.4420.read.1.tlog
H:\My Document\My teaching\实验代码\DIP_VS2010\MakeNormallyDistributedImg\Debug\link.4420.write.1.tlog
H:\My Document\My teaching\实验代码\DIP_VS2010\MakeNormallyDistributedImg\Debug\link.4420-cvtres.read.1.tlog
H:\My Document\My teaching\实验代码\DIP_VS2010\MakeNormallyDistributedImg\Debug\link.4420-cvtres.write.1.tlog
H:\My Document\My teaching\实验代码\DIP_VS2010\MakeNormallyDistributedImg\Debug\link.6020.read.1.tlog
H:\My Document\My teaching\实验代码\DIP_VS2010\MakeNormallyDistributedImg\Debug\link.6020.write.1.tlog
H:\My Document\My teaching\实验代码\DIP_VS2010\MakeNormallyDistributedImg\Debug\link.6020-cvtres.read.1.tlog
H:\My Document\My teaching\实验代码\DIP_VS2010\MakeNormallyDistributedImg\Debug\link.6020-cvtres.write.1.tlog
H:\My Document\My teaching\实验代码\DIP_VS2010\MakeNormallyDistributedImg\Debug\link.6340.read.1.tlog
H:\My Document\My teaching\实验代码\DIP_VS2010\MakeNormallyDistributedImg\Debug\link.6340.write.1.tlog
H:\My Document\My teaching\实验代码\DIP_VS2010\MakeNormallyDistributedImg\Debug\link.6340-cvtres.read.1.tlog
H:\My Document\My teaching\实验代码\DIP_VS2010\MakeNormallyDistributedImg\Debug\link.6340-cvtres.write.1.tlog
H:\My Document\My teaching\实验代码\DIP_VS2010\MakeNormallyDistributedImg\Debug\link.command.1.tlog
H:\My Document\My teaching\实验代码\DIP_VS2010\MakeNormallyDistributedImg\Debug\link.read.1.tlog
H:\My Document\My teaching\实验代码\DIP_VS2010\MakeNormallyDistributedImg\Debug\link.write.1.tlog
H:\My Document\My teaching\实验代码\DIP_VS2010\MakeNormallyDistributedImg\Debug\link-cvtres.read.1.tlog
H:\My Document\My teaching\实验代码\DIP_VS2010\MakeNormallyDistributedImg\Debug\link-cvtres.write.1.tlog
H:\My Document\My teaching\实验代码\DIP_VS2010\MakeNormallyDistributedImg\Debug\MakeNormallyDistributedImg.exe.embed.manifest
H:\My Document\My teaching\实验代码\DIP_VS2010\MakeNormallyDistributedImg\Debug\MakeNormallyDistributedImg.exe.embed.manifest.res
H:\My Document\My teaching\实验代码\DIP_VS2010\MakeNormallyDistributedImg\Debug\MakeNormallyDistributedImg.exe.intermediate.manifest
H:\My Document\My teaching\实验代码\DIP_VS2010\MakeNormallyDistributedImg\Debug\MakeNormallyDistributedImg.obj
H:\My Document\My teaching\实验代码\DIP_VS2010\MakeNormallyDistributedImg\Debug\MakeNormallyDistributedImg_manifest.rc
H:\My Document\My teaching\实验代码\DIP_VS2010\MakeNormallyDistributedImg\Debug\mt.command.1.tlog
H:\My Document\My teaching\实验代码\DIP_VS2010\MakeNormallyDistributedImg\Debug\mt.read.1.tlog
H:\My Document\My teaching\实验代码\DIP_VS2010\MakeNormallyDistributedImg\Debug\mt.write.1.tlog
H:\My Document\My teaching\实验代码\DIP_VS2010\MakeNormallyDistributedImg\Debug\rc.command.1.tlog
H:\My Document\My teaching\实验代码\DIP_VS2010\MakeNormallyDistributedImg\Debug\rc.read.1.tlog
H:\My Document\My teaching\实验代码\DIP_VS2010\MakeNormallyDistributedImg\Debug\rc.write.1.tlog
H:\My Document\My teaching\实验代码\DIP_VS2010\MakeNormallyDistributedImg\Debug\vc100.idb
H:\My Document\My teaching\实验代码\DIP_VS2010\MakeNormallyDistributedImg\Debug\vc100.pdb
