Build started 2014-5-6 17:03:38.
     1>Project "H:\My Document\My teaching\实验代码\DIP_VS2010\MakeNormallyDistributedImg\MakeNormallyDistributedImg.vcxproj" on node 2 (build target(s)).
     1>InitializeBuildStatus:
         Creating "Debug\MakeNormallyDistributedImg.unsuccessfulbuild" because "AlwaysCreate" was specified.
       ClCompile:
         C:\Program Files\Microsoft Visual Studio 10.0\VC\bin\CL.exe /c /I..\..\OpenCV2.4.3\opencv\build\include /ZI /nologo /W3 /WX- /Od /Oy- /D WIN32 /D _DEBUG /D _CONSOLE /D _UNICODE /D UNICODE /Gm /EHsc /RTC1 /MDd /GS /fp:precise /Zc:wchar_t /Zc:forScope /Fo"Debug\\" /Fd"Debug\vc100.pdb" /Gd /TP /analyze- /errorReport:prompt MakeNormallyDistributedImg.cpp
         MakeNormallyDistributedImg.cpp
       ManifestResourceCompile:
         All outputs are up-to-date.
       Link:
         C:\Program Files\Microsoft Visual Studio 10.0\VC\bin\link.exe /ERRORREPORT:PROMPT /OUT:"H:\My Document\My teaching\实验代码\DIP_VS2010\Debug\MakeNormallyDistributedImg.exe" /INCREMENTAL /NOLOGO /LIBPATH:..\..\OpenCV2.4.3\opencv\build\x86\vc10\lib opencv_core243d.lib opencv_imgproc243d.lib opencv_highgui243d.lib opencv_ml243d.lib opencv_video243d.lib opencv_features2d243d.lib opencv_calib3d243d.lib opencv_objdetect243d.lib opencv_contrib243d.lib opencv_legacy243d.lib opencv_flann243d.lib kernel32.lib user32.lib gdi32.lib winspool.lib comdlg32.lib advapi32.lib shell32.lib ole32.lib oleaut32.lib uuid.lib odbc32.lib odbccp32.lib /MANIFEST /ManifestFile:"Debug\MakeNormallyDistributedImg.exe.intermediate.manifest" /MANIFESTUAC:"level='asInvoker' uiAccess='false'" /DEBUG /PDB:"H:\My Document\My teaching\实验代码\DIP_VS2010\Debug\MakeNormallyDistributedImg.pdb" /SUBSYSTEM:CONSOLE /TLBID:1 /DYNAMICBASE /NXCOMPAT /IMPLIB:"H:\My Document\My teaching\实验代码\DIP_VS2010\Debug\MakeNormallyDistributedImg.lib" /MACHINE:X86 Debug\MakeNormallyDistributedImg.exe.embed.manifest.res
         Debug\MakeNormallyDistributedImg.obj
       Manifest:
         C:\Program Files\Microsoft SDKs\Windows\v7.0A\bin\mt.exe /nologo /verbose /out:"Debug\MakeNormallyDistributedImg.exe.embed.manifest" /manifest Debug\MakeNormallyDistributedImg.exe.intermediate.manifest
         All outputs are up-to-date.
       LinkEmbedManifest:
         All outputs are up-to-date.
         MakeNormallyDistributedImg.vcxproj -> H:\My Document\My teaching\实验代码\DIP_VS2010\Debug\MakeNormallyDistributedImg.exe
       FinalizeBuildStatus:
         Deleting file "Debug\MakeNormallyDistributedImg.unsuccessfulbuild".
         Touching "Debug\MakeNormallyDistributedImg.lastbuildstate".
     1>Done Building Project "H:\My Document\My teaching\实验代码\DIP_VS2010\MakeNormallyDistributedImg\MakeNormallyDistributedImg.vcxproj" (build target(s)).

Build succeeded.

Time Elapsed 00:00:01.32
