D:\实验代码\DIP\CONTRASTBRIGHTNESSADJUST\DEBUG\CONTRASTBRIGHTNESSADJUST.EXE.EMBED.MANIFEST
D:\实验代码\DIP\CONTRASTBRIGHTNESSADJUST\DEBUG\CONTRASTBRIGHTNESSADJUST.EXE.EMBED.MANIFEST.RES
D:\实验代码\DIP\CONTRASTBRIGHTNESSADJUST\DEBUG\CONTRASTBRIGHTNESSADJUST.EXE.INTERMEDIATE.MANIFEST
D:\实验代码\DIP\CONTRASTBRIGHTNESSADJUST\DEBUG\CONTRASTBRIGHTNESSADJUST.OBJ
D:\实验代码\DIP\CONTRASTBRIGHTNESSADJUST\DEBUG\VC100.PDB
D:\实验代码\DIP\DEBUG\CONTRASTBRIGHTNESSADJUST.EXE
D:\实验代码\DIP\DEBUG\CONTRASTBRIGHTNESSADJUST.ILK
D:\实验代码\DIP\DEBUG\CONTRASTBRIGHTNESSADJUST.PDB
H:\MY DOCUMENT\MY TEACHING\实验代码\DIP\CONTRASTBRIGHTNESSADJUST\DEBUG\1_CONTRASTBRIGHTNESSADJUST.EXE.EMBED.MANIFEST
H:\MY DOCUMENT\MY TEACHING\实验代码\DIP\CONTRASTBRIGHTNESSADJUST\DEBUG\1_CONTRASTBRIGHTNESSADJUST.EXE.EMBED.MANIFEST.RES
H:\MY DOCUMENT\MY TEACHING\实验代码\DIP\CONTRASTBRIGHTNESSADJUST\DEBUG\1_CONTRASTBRIGHTNESSADJUST.EXE.INTERMEDIATE.MANIFEST
H:\MY DOCUMENT\MY TEACHING\实验代码\DIP\CONTRASTBRIGHTNESSADJUST\DEBUG\CONTRASTBRIGHTNESSADJUST.EXE.EMBED.MANIFEST.RES
H:\MY DOCUMENT\MY TEACHING\实验代码\DIP\CONTRASTBRIGHTNESSADJUST\DEBUG\CONTRASTBRIGHTNESSADJUST.EXE.INTERMEDIATE.MANIFEST
H:\MY DOCUMENT\MY TEACHING\实验代码\DIP\CONTRASTBRIGHTNESSADJUST\DEBUG\CONTRASTBRIGHTNESSADJUST.OBJ
H:\MY DOCUMENT\MY TEACHING\实验代码\DIP\CONTRASTBRIGHTNESSADJUST\DEBUG\VC100.PDB
H:\MY DOCUMENT\MY TEACHING\实验代码\DIP\DEBUG\1_CONTRASTBRIGHTNESSADJUST.EXE
H:\MY DOCUMENT\MY TEACHING\实验代码\DIP\DEBUG\1_CONTRASTBRIGHTNESSADJUST.ILK
H:\MY DOCUMENT\MY TEACHING\实验代码\DIP\DEBUG\1_CONTRASTBRIGHTNESSADJUST.PDB
H:\MY DOCUMENT\MY TEACHING\实验代码\DIP\DEBUG\CONTRASTBRIGHTNESSADJUST.EXE
H:\MY DOCUMENT\MY TEACHING\实验代码\DIP\DEBUG\CONTRASTBRIGHTNESSADJUST.ILK
H:\MY DOCUMENT\MY TEACHING\实验代码\DIP\DEBUG\CONTRASTBRIGHTNESSADJUST.PDB
H:\My Document\My teaching\实验代码\DIP_VS2010\ContrastBrightnessAdjust\Debug\1_ContrastBrightnessAdjust.exe.embed.manifest
H:\MY DOCUMENT\MY TEACHING\实验代码\DIP_VS2010\CONTRASTBRIGHTNESSADJUST\DEBUG\1_CONTRASTBRIGHTNESSADJUST.EXE.EMBED.MANIFEST.RES
H:\MY DOCUMENT\MY TEACHING\实验代码\DIP_VS2010\CONTRASTBRIGHTNESSADJUST\DEBUG\1_CONTRASTBRIGHTNESSADJUST.EXE.INTERMEDIATE.MANIFEST
H:\My Document\My teaching\实验代码\DIP_VS2010\ContrastBrightnessAdjust\Debug\1_ContrastBrightnessAdjust_manifest.rc
H:\My Document\My teaching\实验代码\DIP_VS2010\ContrastBrightnessAdjust\Debug\cl.command.1.tlog
H:\My Document\My teaching\实验代码\DIP_VS2010\ContrastBrightnessAdjust\Debug\CL.read.1.tlog
H:\My Document\My teaching\实验代码\DIP_VS2010\ContrastBrightnessAdjust\Debug\CL.write.1.tlog
H:\My Document\My teaching\实验代码\DIP_VS2010\ContrastBrightnessAdjust\Debug\ContrastBrightnessAdjust.exe.embed.manifest
H:\My Document\My teaching\实验代码\DIP_VS2010\ContrastBrightnessAdjust\Debug\ContrastBrightnessAdjust.exe.embed.manifest.res
H:\My Document\My teaching\实验代码\DIP_VS2010\ContrastBrightnessAdjust\Debug\ContrastBrightnessAdjust.exe.intermediate.manifest
H:\MY DOCUMENT\MY TEACHING\实验代码\DIP_VS2010\CONTRASTBRIGHTNESSADJUST\DEBUG\CONTRASTBRIGHTNESSADJUST.OBJ
H:\My Document\My teaching\实验代码\DIP_VS2010\ContrastBrightnessAdjust\Debug\ContrastBrightnessAdjust_manifest.rc
H:\My Document\My teaching\实验代码\DIP_VS2010\ContrastBrightnessAdjust\Debug\link.176.read.1.tlog
H:\My Document\My teaching\实验代码\DIP_VS2010\ContrastBrightnessAdjust\Debug\link.176.write.1.tlog
H:\My Document\My teaching\实验代码\DIP_VS2010\ContrastBrightnessAdjust\Debug\link.176-cvtres.read.1.tlog
H:\My Document\My teaching\实验代码\DIP_VS2010\ContrastBrightnessAdjust\Debug\link.176-cvtres.write.1.tlog
H:\My Document\My teaching\实验代码\DIP_VS2010\ContrastBrightnessAdjust\Debug\link.2548.read.1.tlog
H:\My Document\My teaching\实验代码\DIP_VS2010\ContrastBrightnessAdjust\Debug\link.2548.write.1.tlog
H:\My Document\My teaching\实验代码\DIP_VS2010\ContrastBrightnessAdjust\Debug\link.2548-cvtres.read.1.tlog
H:\My Document\My teaching\实验代码\DIP_VS2010\ContrastBrightnessAdjust\Debug\link.2548-cvtres.write.1.tlog
H:\My Document\My teaching\实验代码\DIP_VS2010\ContrastBrightnessAdjust\Debug\link.2848.read.1.tlog
H:\My Document\My teaching\实验代码\DIP_VS2010\ContrastBrightnessAdjust\Debug\link.2848.write.1.tlog
H:\My Document\My teaching\实验代码\DIP_VS2010\ContrastBrightnessAdjust\Debug\link.2848-cvtres.read.1.tlog
H:\My Document\My teaching\实验代码\DIP_VS2010\ContrastBrightnessAdjust\Debug\link.2848-cvtres.write.1.tlog
H:\My Document\My teaching\实验代码\DIP_VS2010\ContrastBrightnessAdjust\Debug\link.3000.read.1.tlog
H:\My Document\My teaching\实验代码\DIP_VS2010\ContrastBrightnessAdjust\Debug\link.3000.write.1.tlog
H:\My Document\My teaching\实验代码\DIP_VS2010\ContrastBrightnessAdjust\Debug\link.3000-cvtres.read.1.tlog
H:\My Document\My teaching\实验代码\DIP_VS2010\ContrastBrightnessAdjust\Debug\link.3000-cvtres.write.1.tlog
H:\My Document\My teaching\实验代码\DIP_VS2010\ContrastBrightnessAdjust\Debug\link.3348.read.1.tlog
H:\My Document\My teaching\实验代码\DIP_VS2010\ContrastBrightnessAdjust\Debug\link.3348.write.1.tlog
H:\My Document\My teaching\实验代码\DIP_VS2010\ContrastBrightnessAdjust\Debug\link.3348-cvtres.read.1.tlog
H:\My Document\My teaching\实验代码\DIP_VS2010\ContrastBrightnessAdjust\Debug\link.3348-cvtres.write.1.tlog
H:\My Document\My teaching\实验代码\DIP_VS2010\ContrastBrightnessAdjust\Debug\link.4432.read.1.tlog
H:\My Document\My teaching\实验代码\DIP_VS2010\ContrastBrightnessAdjust\Debug\link.4432.write.1.tlog
H:\My Document\My teaching\实验代码\DIP_VS2010\ContrastBrightnessAdjust\Debug\link.4432-cvtres.read.1.tlog
H:\My Document\My teaching\实验代码\DIP_VS2010\ContrastBrightnessAdjust\Debug\link.4432-cvtres.write.1.tlog
H:\My Document\My teaching\实验代码\DIP_VS2010\ContrastBrightnessAdjust\Debug\link.command.1.tlog
H:\My Document\My teaching\实验代码\DIP_VS2010\ContrastBrightnessAdjust\Debug\link.read.1.tlog
H:\My Document\My teaching\实验代码\DIP_VS2010\ContrastBrightnessAdjust\Debug\link.write.1.tlog
H:\My Document\My teaching\实验代码\DIP_VS2010\ContrastBrightnessAdjust\Debug\link-cvtres.read.1.tlog
H:\My Document\My teaching\实验代码\DIP_VS2010\ContrastBrightnessAdjust\Debug\link-cvtres.write.1.tlog
H:\My Document\My teaching\实验代码\DIP_VS2010\ContrastBrightnessAdjust\Debug\mt.command.1.tlog
H:\My Document\My teaching\实验代码\DIP_VS2010\ContrastBrightnessAdjust\Debug\mt.read.1.tlog
H:\My Document\My teaching\实验代码\DIP_VS2010\ContrastBrightnessAdjust\Debug\mt.write.1.tlog
H:\My Document\My teaching\实验代码\DIP_VS2010\ContrastBrightnessAdjust\Debug\rc.command.1.tlog
H:\My Document\My teaching\实验代码\DIP_VS2010\ContrastBrightnessAdjust\Debug\rc.read.1.tlog
H:\My Document\My teaching\实验代码\DIP_VS2010\ContrastBrightnessAdjust\Debug\rc.write.1.tlog
H:\My Document\My teaching\实验代码\DIP_VS2010\ContrastBrightnessAdjust\Debug\vc100.idb
H:\MY DOCUMENT\MY TEACHING\实验代码\DIP_VS2010\CONTRASTBRIGHTNESSADJUST\DEBUG\VC100.PDB
H:\MY DOCUMENT\MY TEACHING\实验代码\DIP_VS2010\DEBUG\1_CONTRASTBRIGHTNESSADJUST.EXE
H:\MY DOCUMENT\MY TEACHING\实验代码\DIP_VS2010\DEBUG\1_CONTRASTBRIGHTNESSADJUST.ILK
H:\MY DOCUMENT\MY TEACHING\实验代码\DIP_VS2010\DEBUG\1_CONTRASTBRIGHTNESSADJUST.PDB
