D:\实验代码\DIP\CALCCOLORIMGHISTOGRAM\DEBUG\CALCCOLORIMGHISTOGRAM.EXE.EMBED.MANIFEST
D:\实验代码\DIP\CALCCOLORIMGHISTOGRAM\DEBUG\CALCCOLORIMGHISTOGRAM.EXE.EMBED.MANIFEST.RES
D:\实验代码\DIP\CALCCOLORIMGHISTOGRAM\DEBUG\CALCCOLORIMGHISTOGRAM.EXE.INTERMEDIATE.MANIFEST
D:\实验代码\DIP\CALCCOLORIMGHISTOGRAM\DEBUG\CALCCOLORIMGHISTOGRAM.OBJ
D:\实验代码\DIP\CALCCOLORIMGHISTOGRAM\DEBUG\VC100.PDB
D:\实验代码\DIP\COLORIMAGEHISTOGRAM\DEBUG\CALCHIST_DEMO.OBJ
D:\实验代码\DIP\COLORIMAGEHISTOGRAM\DEBUG\COLORIMAGEHISTOGRAM.EXE.EMBED.MANIFEST
D:\实验代码\DIP\COLORIMAGEHISTOGRAM\DEBUG\COLORIMAGEHISTOGRAM.EXE.EMBED.MANIFEST.RES
D:\实验代码\DIP\COLORIMAGEHISTOGRAM\DEBUG\COLORIMAGEHISTOGRAM.EXE.INTERMEDIATE.MANIFEST
D:\实验代码\DIP\COLORIMAGEHISTOGRAM\DEBUG\VC100.PDB
D:\实验代码\DIP\DEBUG\CALCCOLORIMGHISTOGRAM.EXE
D:\实验代码\DIP\DEBUG\CALCCOLORIMGHISTOGRAM.ILK
D:\实验代码\DIP\DEBUG\CALCCOLORIMGHISTOGRAM.PDB
D:\实验代码\DIP\DEBUG\COLORIMAGEHISTOGRAM.EXE
D:\实验代码\DIP\DEBUG\COLORIMAGEHISTOGRAM.ILK
D:\实验代码\DIP\DEBUG\COLORIMAGEHISTOGRAM.PDB
H:\MY DOCUMENT\MY TEACHING\实验代码\DIP\CALCCOLORIMGHISTOGRAM\DEBUG\CALCCOLORIMGHISTOGRAM.EXE.EMBED.MANIFEST.RES
H:\MY DOCUMENT\MY TEACHING\实验代码\DIP\CALCCOLORIMGHISTOGRAM\DEBUG\CALCCOLORIMGHISTOGRAM.EXE.INTERMEDIATE.MANIFEST
H:\MY DOCUMENT\MY TEACHING\实验代码\DIP\CALCCOLORIMGHISTOGRAM\DEBUG\CALCCOLORIMGHISTOGRAM.OBJ
H:\MY DOCUMENT\MY TEACHING\实验代码\DIP\CALCCOLORIMGHISTOGRAM\DEBUG\VC100.PDB
H:\MY DOCUMENT\MY TEACHING\实验代码\DIP\DEBUG\CALCCOLORIMGHISTOGRAM.EXE
H:\MY DOCUMENT\MY TEACHING\实验代码\DIP\DEBUG\CALCCOLORIMGHISTOGRAM.ILK
H:\MY DOCUMENT\MY TEACHING\实验代码\DIP\DEBUG\CALCCOLORIMGHISTOGRAM.PDB
H:\My Document\My teaching\实验代码\DIP_VS2010\CalcColorImgHistogram\Debug\CalcColorImgHistogram.exe.embed.manifest
H:\My Document\My teaching\实验代码\DIP_VS2010\CalcColorImgHistogram\Debug\CalcColorImgHistogram.exe.embed.manifest.res
H:\My Document\My teaching\实验代码\DIP_VS2010\CalcColorImgHistogram\Debug\CalcColorImgHistogram.exe.intermediate.manifest
H:\My Document\My teaching\实验代码\DIP_VS2010\CalcColorImgHistogram\Debug\CalcColorImgHistogram.obj
H:\My Document\My teaching\实验代码\DIP_VS2010\CalcColorImgHistogram\Debug\CalcColorImgHistogram_manifest.rc
H:\My Document\My teaching\实验代码\DIP_VS2010\CalcColorImgHistogram\Debug\calcHist_Demo.obj
H:\My Document\My teaching\实验代码\DIP_VS2010\CalcColorImgHistogram\Debug\cl.command.1.tlog
H:\My Document\My teaching\实验代码\DIP_VS2010\CalcColorImgHistogram\Debug\CL.read.1.tlog
H:\My Document\My teaching\实验代码\DIP_VS2010\CalcColorImgHistogram\Debug\CL.write.1.tlog
H:\My Document\My teaching\实验代码\DIP_VS2010\CalcColorImgHistogram\Debug\ColorImageHistogram.exe.embed.manifest
H:\My Document\My teaching\实验代码\DIP_VS2010\CalcColorImgHistogram\Debug\ColorImageHistogram.exe.embed.manifest.res
H:\My Document\My teaching\实验代码\DIP_VS2010\CalcColorImgHistogram\Debug\ColorImageHistogram.exe.intermediate.manifest
H:\My Document\My teaching\实验代码\DIP_VS2010\CalcColorImgHistogram\Debug\ColorImageHistogram_manifest.rc
H:\My Document\My teaching\实验代码\DIP_VS2010\CalcColorImgHistogram\Debug\link.3372.read.1.tlog
H:\My Document\My teaching\实验代码\DIP_VS2010\CalcColorImgHistogram\Debug\link.3372.write.1.tlog
H:\My Document\My teaching\实验代码\DIP_VS2010\CalcColorImgHistogram\Debug\link.3372-cvtres.read.1.tlog
H:\My Document\My teaching\实验代码\DIP_VS2010\CalcColorImgHistogram\Debug\link.3372-cvtres.write.1.tlog
H:\My Document\My teaching\实验代码\DIP_VS2010\CalcColorImgHistogram\Debug\link.3380.read.1.tlog
H:\My Document\My teaching\实验代码\DIP_VS2010\CalcColorImgHistogram\Debug\link.3380.write.1.tlog
H:\My Document\My teaching\实验代码\DIP_VS2010\CalcColorImgHistogram\Debug\link.3380-cvtres.read.1.tlog
H:\My Document\My teaching\实验代码\DIP_VS2010\CalcColorImgHistogram\Debug\link.3380-cvtres.write.1.tlog
H:\My Document\My teaching\实验代码\DIP_VS2010\CalcColorImgHistogram\Debug\link.3696.read.1.tlog
H:\My Document\My teaching\实验代码\DIP_VS2010\CalcColorImgHistogram\Debug\link.3696.write.1.tlog
H:\My Document\My teaching\实验代码\DIP_VS2010\CalcColorImgHistogram\Debug\link.3696-cvtres.read.1.tlog
H:\My Document\My teaching\实验代码\DIP_VS2010\CalcColorImgHistogram\Debug\link.3696-cvtres.write.1.tlog
H:\My Document\My teaching\实验代码\DIP_VS2010\CalcColorImgHistogram\Debug\link.952.read.1.tlog
H:\My Document\My teaching\实验代码\DIP_VS2010\CalcColorImgHistogram\Debug\link.952.write.1.tlog
H:\My Document\My teaching\实验代码\DIP_VS2010\CalcColorImgHistogram\Debug\link.952-cvtres.read.1.tlog
H:\My Document\My teaching\实验代码\DIP_VS2010\CalcColorImgHistogram\Debug\link.952-cvtres.write.1.tlog
H:\My Document\My teaching\实验代码\DIP_VS2010\CalcColorImgHistogram\Debug\link.command.1.tlog
H:\My Document\My teaching\实验代码\DIP_VS2010\CalcColorImgHistogram\Debug\link.read.1.tlog
H:\My Document\My teaching\实验代码\DIP_VS2010\CalcColorImgHistogram\Debug\link.write.1.tlog
H:\My Document\My teaching\实验代码\DIP_VS2010\CalcColorImgHistogram\Debug\link-cvtres.read.1.tlog
H:\My Document\My teaching\实验代码\DIP_VS2010\CalcColorImgHistogram\Debug\link-cvtres.write.1.tlog
H:\My Document\My teaching\实验代码\DIP_VS2010\CalcColorImgHistogram\Debug\mt.command.1.tlog
H:\My Document\My teaching\实验代码\DIP_VS2010\CalcColorImgHistogram\Debug\mt.read.1.tlog
H:\My Document\My teaching\实验代码\DIP_VS2010\CalcColorImgHistogram\Debug\mt.write.1.tlog
H:\My Document\My teaching\实验代码\DIP_VS2010\CalcColorImgHistogram\Debug\rc.command.1.tlog
H:\My Document\My teaching\实验代码\DIP_VS2010\CalcColorImgHistogram\Debug\rc.read.1.tlog
H:\My Document\My teaching\实验代码\DIP_VS2010\CalcColorImgHistogram\Debug\rc.write.1.tlog
H:\My Document\My teaching\实验代码\DIP_VS2010\CalcColorImgHistogram\Debug\vc100.idb
H:\My Document\My teaching\实验代码\DIP_VS2010\CalcColorImgHistogram\Debug\vc100.pdb
H:\My Document\My teaching\实验代码\DIP_VS2010\Debug\CalcColorImgHistogram.exe
H:\My Document\My teaching\实验代码\DIP_VS2010\Debug\CalcColorImgHistogram.ilk
H:\My Document\My teaching\实验代码\DIP_VS2010\Debug\CalcColorImgHistogram.pdb
