D:\实验代码\DIP\COLORIMAGEHISTOGRAM\DEBUG\CALCHIST_DEMO.OBJ
D:\实验代码\DIP\ColorImageHistogram\Debug\cl.command.1.tlog
D:\实验代码\DIP\ColorImageHistogram\Debug\CL.read.1.tlog
D:\实验代码\DIP\ColorImageHistogram\Debug\CL.write.1.tlog
D:\实验代码\DIP\ColorImageHistogram\Debug\ColorImageHistogram.exe.embed.manifest
D:\实验代码\DIP\COLORIMAGEHISTOGRAM\DEBUG\COLORIMAGEHISTOGRAM.EXE.EMBED.MANIFEST.RES
D:\实验代码\DIP\COLORIMAGEHISTOGRAM\DEBUG\COLORIMAGEHISTOGRAM.EXE.INTERMEDIATE.MANIFEST
D:\实验代码\DIP\ColorImageHistogram\Debug\ColorImageHistogram_manifest.rc
D:\实验代码\DIP\ColorImageHistogram\Debug\link.2736.read.1.tlog
D:\实验代码\DIP\ColorImageHistogram\Debug\link.2736.write.1.tlog
D:\实验代码\DIP\ColorImageHistogram\Debug\link.2736-cvtres.read.1.tlog
D:\实验代码\DIP\ColorImageHistogram\Debug\link.2736-cvtres.write.1.tlog
D:\实验代码\DIP\ColorImageHistogram\Debug\link.command.1.tlog
D:\实验代码\DIP\ColorImageHistogram\Debug\link.read.1.tlog
D:\实验代码\DIP\ColorImageHistogram\Debug\link.write.1.tlog
D:\实验代码\DIP\ColorImageHistogram\Debug\link-cvtres.read.1.tlog
D:\实验代码\DIP\ColorImageHistogram\Debug\link-cvtres.write.1.tlog
D:\实验代码\DIP\ColorImageHistogram\Debug\mt.command.1.tlog
D:\实验代码\DIP\ColorImageHistogram\Debug\mt.read.1.tlog
D:\实验代码\DIP\ColorImageHistogram\Debug\mt.write.1.tlog
D:\实验代码\DIP\ColorImageHistogram\Debug\rc.command.1.tlog
D:\实验代码\DIP\ColorImageHistogram\Debug\rc.read.1.tlog
D:\实验代码\DIP\ColorImageHistogram\Debug\rc.write.1.tlog
D:\实验代码\DIP\ColorImageHistogram\Debug\vc100.idb
D:\实验代码\DIP\COLORIMAGEHISTOGRAM\DEBUG\VC100.PDB
D:\实验代码\DIP\DEBUG\COLORIMAGEHISTOGRAM.EXE
D:\实验代码\DIP\DEBUG\COLORIMAGEHISTOGRAM.ILK
D:\实验代码\DIP\DEBUG\COLORIMAGEHISTOGRAM.PDB
D:\实验代码\直方图\COLORIMAGEHISTOGRAM\COLORIMAGEHISTOGRAM\DEBUG\CALCHIST_DEMO.OBJ
D:\实验代码\直方图\COLORIMAGEHISTOGRAM\COLORIMAGEHISTOGRAM\DEBUG\COLORIMAGEHISTOGRAM.EXE.EMBED.MANIFEST
D:\实验代码\直方图\COLORIMAGEHISTOGRAM\COLORIMAGEHISTOGRAM\DEBUG\COLORIMAGEHISTOGRAM.EXE.EMBED.MANIFEST.RES
D:\实验代码\直方图\COLORIMAGEHISTOGRAM\COLORIMAGEHISTOGRAM\DEBUG\COLORIMAGEHISTOGRAM.EXE.INTERMEDIATE.MANIFEST
D:\实验代码\直方图\COLORIMAGEHISTOGRAM\COLORIMAGEHISTOGRAM\DEBUG\VC100.PDB
D:\实验代码\直方图\COLORIMAGEHISTOGRAM\DEBUG\COLORIMAGEHISTOGRAM.EXE
D:\实验代码\直方图\COLORIMAGEHISTOGRAM\DEBUG\COLORIMAGEHISTOGRAM.ILK
D:\实验代码\直方图\COLORIMAGEHISTOGRAM\DEBUG\COLORIMAGEHISTOGRAM.PDB
