D:\实验代码\DIP\COLORQUANTIZATION\DEBUG\COLORQUANTIZATION.EXE.EMBED.MANIFEST
D:\实验代码\DIP\COLORQUANTIZATION\DEBUG\COLORQUANTIZATION.EXE.EMBED.MANIFEST.RES
D:\实验代码\DIP\COLORQUANTIZATION\DEBUG\COLORQUANTIZATION.EXE.INTERMEDIATE.MANIFEST
D:\实验代码\DIP\COLORQUANTIZATION\DEBUG\COLORQUANTIZATION.OBJ
D:\实验代码\DIP\COLORQUANTIZATION\DEBUG\VC100.PDB
D:\实验代码\DIP\DEBUG\COLORQUANTIZATION.EXE
D:\实验代码\DIP\DEBUG\COLORQUANTIZATION.ILK
D:\实验代码\DIP\DEBUG\COLORQUANTIZATION.PDB
H:\MY DOCUMENT\MY TEACHING\实验代码\DIP\COLORQUANTIZATION\DEBUG\COLORQUANTIZATION.EXE.EMBED.MANIFEST.RES
H:\MY DOCUMENT\MY TEACHING\实验代码\DIP\COLORQUANTIZATION\DEBUG\COLORQUANTIZATION.EXE.INTERMEDIATE.MANIFEST
H:\MY DOCUMENT\MY TEACHING\实验代码\DIP\COLORQUANTIZATION\DEBUG\COLORQUANTIZATION.OBJ
H:\MY DOCUMENT\MY TEACHING\实验代码\DIP\COLORQUANTIZATION\DEBUG\VC100.PDB
H:\MY DOCUMENT\MY TEACHING\实验代码\DIP\DEBUG\COLORQUANTIZATION.EXE
H:\MY DOCUMENT\MY TEACHING\实验代码\DIP\DEBUG\COLORQUANTIZATION.ILK
H:\MY DOCUMENT\MY TEACHING\实验代码\DIP\DEBUG\COLORQUANTIZATION.PDB
H:\My Document\My teaching\实验代码\DIP_VS2010\ColorQuantization\Debug\cl.command.1.tlog
H:\My Document\My teaching\实验代码\DIP_VS2010\ColorQuantization\Debug\CL.read.1.tlog
H:\My Document\My teaching\实验代码\DIP_VS2010\ColorQuantization\Debug\CL.write.1.tlog
H:\My Document\My teaching\实验代码\DIP_VS2010\ColorQuantization\Debug\ColorQuantization.exe.embed.manifest
H:\My Document\My teaching\实验代码\DIP_VS2010\ColorQuantization\Debug\ColorQuantization.exe.embed.manifest.res
H:\My Document\My teaching\实验代码\DIP_VS2010\ColorQuantization\Debug\ColorQuantization.exe.intermediate.manifest
H:\My Document\My teaching\实验代码\DIP_VS2010\ColorQuantization\Debug\ColorQuantization.obj
H:\My Document\My teaching\实验代码\DIP_VS2010\ColorQuantization\Debug\ColorQuantization_manifest.rc
H:\My Document\My teaching\实验代码\DIP_VS2010\ColorQuantization\Debug\link.5196.read.1.tlog
H:\My Document\My teaching\实验代码\DIP_VS2010\ColorQuantization\Debug\link.5196.write.1.tlog
H:\My Document\My teaching\实验代码\DIP_VS2010\ColorQuantization\Debug\link.5196-cvtres.read.1.tlog
H:\My Document\My teaching\实验代码\DIP_VS2010\ColorQuantization\Debug\link.5196-cvtres.write.1.tlog
H:\My Document\My teaching\实验代码\DIP_VS2010\ColorQuantization\Debug\link.5396.read.1.tlog
H:\My Document\My teaching\实验代码\DIP_VS2010\ColorQuantization\Debug\link.5396.write.1.tlog
H:\My Document\My teaching\实验代码\DIP_VS2010\ColorQuantization\Debug\link.5396-cvtres.read.1.tlog
H:\My Document\My teaching\实验代码\DIP_VS2010\ColorQuantization\Debug\link.5396-cvtres.write.1.tlog
H:\My Document\My teaching\实验代码\DIP_VS2010\ColorQuantization\Debug\link.command.1.tlog
H:\My Document\My teaching\实验代码\DIP_VS2010\ColorQuantization\Debug\link.read.1.tlog
H:\My Document\My teaching\实验代码\DIP_VS2010\ColorQuantization\Debug\link.write.1.tlog
H:\My Document\My teaching\实验代码\DIP_VS2010\ColorQuantization\Debug\link-cvtres.read.1.tlog
H:\My Document\My teaching\实验代码\DIP_VS2010\ColorQuantization\Debug\link-cvtres.write.1.tlog
H:\My Document\My teaching\实验代码\DIP_VS2010\ColorQuantization\Debug\mt.command.1.tlog
H:\My Document\My teaching\实验代码\DIP_VS2010\ColorQuantization\Debug\mt.read.1.tlog
H:\My Document\My teaching\实验代码\DIP_VS2010\ColorQuantization\Debug\mt.write.1.tlog
H:\My Document\My teaching\实验代码\DIP_VS2010\ColorQuantization\Debug\rc.command.1.tlog
H:\My Document\My teaching\实验代码\DIP_VS2010\ColorQuantization\Debug\rc.read.1.tlog
H:\My Document\My teaching\实验代码\DIP_VS2010\ColorQuantization\Debug\rc.write.1.tlog
H:\My Document\My teaching\实验代码\DIP_VS2010\ColorQuantization\Debug\vc100.idb
H:\My Document\My teaching\实验代码\DIP_VS2010\ColorQuantization\Debug\vc100.pdb
H:\My Document\My teaching\实验代码\DIP_VS2010\Debug\ColorQuantization.exe
H:\My Document\My teaching\实验代码\DIP_VS2010\Debug\ColorQuantization.ilk
H:\My Document\My teaching\实验代码\DIP_VS2010\Debug\ColorQuantization.pdb
