D:\实验代码\DIP\DEBUG\GAMMACORRECTION.EXE
D:\实验代码\DIP\DEBUG\GAMMACORRECTION.ILK
D:\实验代码\DIP\DEBUG\GAMMACORRECTION.PDB
D:\实验代码\DIP\GAMMACORRECTION\DEBUG\GAMMACORRECTION.EXE.EMBED.MANIFEST
D:\实验代码\DIP\GAMMACORRECTION\DEBUG\GAMMACORRECTION.EXE.EMBED.MANIFEST.RES
D:\实验代码\DIP\GAMMACORRECTION\DEBUG\GAMMACORRECTION.EXE.INTERMEDIATE.MANIFEST
D:\实验代码\DIP\GAMMACORRECTION\DEBUG\GAMMACORRECTION.OBJ
D:\实验代码\DIP\GAMMACORRECTION\DEBUG\VC100.PDB
H:\MY DOCUMENT\MY TEACHING\实验代码\DIP\DEBUG\4_GAMMACORRECTION.EXE
H:\MY DOCUMENT\MY TEACHING\实验代码\DIP\DEBUG\4_GAMMACORRECTION.ILK
H:\MY DOCUMENT\MY TEACHING\实验代码\DIP\DEBUG\4_GAMMACORRECTION.PDB
H:\MY DOCUMENT\MY TEACHING\实验代码\DIP\DEBUG\GAMMACORRECTION.EXE
H:\MY DOCUMENT\MY TEACHING\实验代码\DIP\DEBUG\GAMMACORRECTION.ILK
H:\MY DOCUMENT\MY TEACHING\实验代码\DIP\DEBUG\GAMMACORRECTION.PDB
H:\MY DOCUMENT\MY TEACHING\实验代码\DIP\GAMMACORRECTION\DEBUG\4_GAMMACORRECTION.EXE.EMBED.MANIFEST
H:\MY DOCUMENT\MY TEACHING\实验代码\DIP\GAMMACORRECTION\DEBUG\4_GAMMACORRECTION.EXE.EMBED.MANIFEST.RES
H:\MY DOCUMENT\MY TEACHING\实验代码\DIP\GAMMACORRECTION\DEBUG\4_GAMMACORRECTION.EXE.INTERMEDIATE.MANIFEST
H:\MY DOCUMENT\MY TEACHING\实验代码\DIP\GAMMACORRECTION\DEBUG\GAMMACORRECTION.EXE.EMBED.MANIFEST.RES
H:\MY DOCUMENT\MY TEACHING\实验代码\DIP\GAMMACORRECTION\DEBUG\GAMMACORRECTION.EXE.INTERMEDIATE.MANIFEST
H:\MY DOCUMENT\MY TEACHING\实验代码\DIP\GAMMACORRECTION\DEBUG\GAMMACORRECTION.OBJ
H:\MY DOCUMENT\MY TEACHING\实验代码\DIP\GAMMACORRECTION\DEBUG\VC100.PDB
H:\My Document\My teaching\实验代码\DIP_VS2010\Debug\4_GammaCorrection.exe
H:\My Document\My teaching\实验代码\DIP_VS2010\Debug\4_GammaCorrection.ilk
H:\My Document\My teaching\实验代码\DIP_VS2010\Debug\4_GammaCorrection.pdb
H:\My Document\My teaching\实验代码\DIP_VS2010\GammaCorrection\Debug\4_GammaCorrection.exe.embed.manifest
H:\My Document\My teaching\实验代码\DIP_VS2010\GammaCorrection\Debug\4_GammaCorrection.exe.embed.manifest.res
H:\My Document\My teaching\实验代码\DIP_VS2010\GammaCorrection\Debug\4_GammaCorrection.exe.intermediate.manifest
H:\My Document\My teaching\实验代码\DIP_VS2010\GammaCorrection\Debug\4_GammaCorrection_manifest.rc
H:\My Document\My teaching\实验代码\DIP_VS2010\GammaCorrection\Debug\cl.command.1.tlog
H:\My Document\My teaching\实验代码\DIP_VS2010\GammaCorrection\Debug\CL.read.1.tlog
H:\My Document\My teaching\实验代码\DIP_VS2010\GammaCorrection\Debug\CL.write.1.tlog
H:\My Document\My teaching\实验代码\DIP_VS2010\GammaCorrection\Debug\GammaCorrection.exe.embed.manifest
H:\My Document\My teaching\实验代码\DIP_VS2010\GammaCorrection\Debug\GammaCorrection.exe.embed.manifest.res
H:\My Document\My teaching\实验代码\DIP_VS2010\GammaCorrection\Debug\GammaCorrection.exe.intermediate.manifest
H:\My Document\My teaching\实验代码\DIP_VS2010\GammaCorrection\Debug\GammaCorrection.obj
H:\My Document\My teaching\实验代码\DIP_VS2010\GammaCorrection\Debug\GammaCorrection_manifest.rc
H:\My Document\My teaching\实验代码\DIP_VS2010\GammaCorrection\Debug\link.1084.read.1.tlog
H:\My Document\My teaching\实验代码\DIP_VS2010\GammaCorrection\Debug\link.1084.write.1.tlog
H:\My Document\My teaching\实验代码\DIP_VS2010\GammaCorrection\Debug\link.1084-cvtres.read.1.tlog
H:\My Document\My teaching\实验代码\DIP_VS2010\GammaCorrection\Debug\link.1084-cvtres.write.1.tlog
H:\My Document\My teaching\实验代码\DIP_VS2010\GammaCorrection\Debug\link.4972.read.1.tlog
H:\My Document\My teaching\实验代码\DIP_VS2010\GammaCorrection\Debug\link.4972.write.1.tlog
H:\My Document\My teaching\实验代码\DIP_VS2010\GammaCorrection\Debug\link.4972-cvtres.read.1.tlog
H:\My Document\My teaching\实验代码\DIP_VS2010\GammaCorrection\Debug\link.4972-cvtres.write.1.tlog
H:\My Document\My teaching\实验代码\DIP_VS2010\GammaCorrection\Debug\link.7004.read.1.tlog
H:\My Document\My teaching\实验代码\DIP_VS2010\GammaCorrection\Debug\link.7004.write.1.tlog
H:\My Document\My teaching\实验代码\DIP_VS2010\GammaCorrection\Debug\link.7004-cvtres.read.1.tlog
H:\My Document\My teaching\实验代码\DIP_VS2010\GammaCorrection\Debug\link.7004-cvtres.write.1.tlog
H:\My Document\My teaching\实验代码\DIP_VS2010\GammaCorrection\Debug\link.command.1.tlog
H:\My Document\My teaching\实验代码\DIP_VS2010\GammaCorrection\Debug\link.read.1.tlog
H:\My Document\My teaching\实验代码\DIP_VS2010\GammaCorrection\Debug\link.write.1.tlog
H:\My Document\My teaching\实验代码\DIP_VS2010\GammaCorrection\Debug\link-cvtres.read.1.tlog
H:\My Document\My teaching\实验代码\DIP_VS2010\GammaCorrection\Debug\link-cvtres.write.1.tlog
H:\My Document\My teaching\实验代码\DIP_VS2010\GammaCorrection\Debug\mt.command.1.tlog
H:\My Document\My teaching\实验代码\DIP_VS2010\GammaCorrection\Debug\mt.read.1.tlog
H:\My Document\My teaching\实验代码\DIP_VS2010\GammaCorrection\Debug\mt.write.1.tlog
H:\My Document\My teaching\实验代码\DIP_VS2010\GammaCorrection\Debug\rc.command.1.tlog
H:\My Document\My teaching\实验代码\DIP_VS2010\GammaCorrection\Debug\rc.read.1.tlog
H:\My Document\My teaching\实验代码\DIP_VS2010\GammaCorrection\Debug\rc.write.1.tlog
H:\My Document\My teaching\实验代码\DIP_VS2010\GammaCorrection\Debug\vc100.idb
H:\My Document\My teaching\实验代码\DIP_VS2010\GammaCorrection\Debug\vc100.pdb
