Build started 2014-5-13 10:22:43.
     1>Project "H:\My Document\My teaching\实验代码\DIP_VS2010\DesaturatedRGB\DesaturatedRGB.vcxproj" on node 2 (build target(s)).
     1>InitializeBuildStatus:
         Creating "Debug\3_DesaturatedRGB.unsuccessfulbuild" because "AlwaysCreate" was specified.
       ClCompile:
         All outputs are up-to-date.
       ManifestResourceCompile:
         C:\Program Files\Microsoft SDKs\Windows\v7.0A\bin\rc.exe /nologo /fo"Debug\3_DesaturatedRGB.exe.embed.manifest.res" Debug\3_DesaturatedRGB_manifest.rc 
       Link:
         C:\Program Files\Microsoft Visual Studio 10.0\VC\bin\link.exe /ERRORREPORT:PROMPT /OUT:"H:\My Document\My teaching\实验代码\DIP_VS2010\Debug\3_DesaturatedRGB.exe" /INCREMENTAL /NOLOGO /LIBPATH:..\..\OpenCV2.4.3\opencv\build\x86\vc10\lib opencv_core243d.lib opencv_imgproc243d.lib opencv_highgui243d.lib opencv_ml243d.lib opencv_video243d.lib opencv_features2d243d.lib opencv_calib3d243d.lib opencv_objdetect243d.lib opencv_contrib243d.lib opencv_legacy243d.lib opencv_flann243d.lib kernel32.lib user32.lib gdi32.lib winspool.lib comdlg32.lib advapi32.lib shell32.lib ole32.lib oleaut32.lib uuid.lib odbc32.lib odbccp32.lib /MANIFEST /ManifestFile:"Debug\3_DesaturatedRGB.exe.intermediate.manifest" /MANIFESTUAC:"level='asInvoker' uiAccess='false'" /DEBUG /PDB:"H:\My Document\My teaching\实验代码\DIP_VS2010\Debug\3_DesaturatedRGB.pdb" /SUBSYSTEM:CONSOLE /TLBID:1 /DYNAMICBASE /NXCOMPAT /IMPLIB:"H:\My Document\My teaching\实验代码\DIP_VS2010\Debug\3_DesaturatedRGB.lib" /MACHINE:X86 Debug\3_DesaturatedRGB.exe.embed.manifest.res
         Debug\DesaturatedRGB.obj
       Manifest:
         C:\Program Files\Microsoft SDKs\Windows\v7.0A\bin\mt.exe /nologo /verbose /out:"Debug\3_DesaturatedRGB.exe.embed.manifest" /manifest Debug\3_DesaturatedRGB.exe.intermediate.manifest
         C:\Program Files\Microsoft SDKs\Windows\v7.0A\bin\rc.exe /nologo /fo"Debug\3_DesaturatedRGB.exe.embed.manifest.res" Debug\3_DesaturatedRGB_manifest.rc 
       LinkEmbedManifest:
         C:\Program Files\Microsoft Visual Studio 10.0\VC\bin\link.exe /ERRORREPORT:PROMPT /OUT:"H:\My Document\My teaching\实验代码\DIP_VS2010\Debug\3_DesaturatedRGB.exe" /INCREMENTAL /NOLOGO /LIBPATH:..\..\OpenCV2.4.3\opencv\build\x86\vc10\lib opencv_core243d.lib opencv_imgproc243d.lib opencv_highgui243d.lib opencv_ml243d.lib opencv_video243d.lib opencv_features2d243d.lib opencv_calib3d243d.lib opencv_objdetect243d.lib opencv_contrib243d.lib opencv_legacy243d.lib opencv_flann243d.lib kernel32.lib user32.lib gdi32.lib winspool.lib comdlg32.lib advapi32.lib shell32.lib ole32.lib oleaut32.lib uuid.lib odbc32.lib odbccp32.lib /MANIFEST /ManifestFile:"Debug\3_DesaturatedRGB.exe.intermediate.manifest" /MANIFESTUAC:"level='asInvoker' uiAccess='false'" /DEBUG /PDB:"H:\My Document\My teaching\实验代码\DIP_VS2010\Debug\3_DesaturatedRGB.pdb" /SUBSYSTEM:CONSOLE /TLBID:1 /DYNAMICBASE /NXCOMPAT /IMPLIB:"H:\My Document\My teaching\实验代码\DIP_VS2010\Debug\3_DesaturatedRGB.lib" /MACHINE:X86 Debug\3_DesaturatedRGB.exe.embed.manifest.res
         Debug\DesaturatedRGB.obj
         DesaturatedRGB.vcxproj -> H:\My Document\My teaching\实验代码\DIP_VS2010\Debug\3_DesaturatedRGB.exe
       FinalizeBuildStatus:
         Deleting file "Debug\3_DesaturatedRGB.unsuccessfulbuild".
         Touching "Debug\3_DesaturatedRGB.lastbuildstate".
     1>Done Building Project "H:\My Document\My teaching\实验代码\DIP_VS2010\DesaturatedRGB\DesaturatedRGB.vcxproj" (build target(s)).

Build succeeded.

Time Elapsed 00:00:01.53
