D:\实验代码\DIP\DEBUG\DESATURATEDRGB.EXE
D:\实验代码\DIP\DEBUG\DESATURATEDRGB.ILK
D:\实验代码\DIP\DEBUG\DESATURATEDRGB.PDB
D:\实验代码\DIP\DESATURATEDRGB\DEBUG\DESATURATEDRGB.EXE.EMBED.MANIFEST
D:\实验代码\DIP\DESATURATEDRGB\DEBUG\DESATURATEDRGB.EXE.EMBED.MANIFEST.RES
D:\实验代码\DIP\DESATURATEDRGB\DEBUG\DESATURATEDRGB.EXE.INTERMEDIATE.MANIFEST
D:\实验代码\DIP\DESATURATEDRGB\DEBUG\DESATURATEDRGB.OBJ
D:\实验代码\DIP\DESATURATEDRGB\DEBUG\VC100.PDB
H:\MY DOCUMENT\MY TEACHING\实验代码\DIP\DEBUG\DESATURATEDRGB.EXE
H:\MY DOCUMENT\MY TEACHING\实验代码\DIP\DEBUG\DESATURATEDRGB.ILK
H:\MY DOCUMENT\MY TEACHING\实验代码\DIP\DEBUG\DESATURATEDRGB.PDB
H:\MY DOCUMENT\MY TEACHING\实验代码\DIP\DESATURATEDRGB\DEBUG\DESATURATEDRGB.EXE.EMBED.MANIFEST.RES
H:\MY DOCUMENT\MY TEACHING\实验代码\DIP\DESATURATEDRGB\DEBUG\DESATURATEDRGB.EXE.INTERMEDIATE.MANIFEST
H:\MY DOCUMENT\MY TEACHING\实验代码\DIP\DESATURATEDRGB\DEBUG\DESATURATEDRGB.OBJ
H:\MY DOCUMENT\MY TEACHING\实验代码\DIP\DESATURATEDRGB\DEBUG\VC100.PDB
H:\My Document\My teaching\实验代码\DIP_VS2010\Debug\DesaturatedRGB.exe
H:\My Document\My teaching\实验代码\DIP_VS2010\Debug\DesaturatedRGB.ilk
H:\My Document\My teaching\实验代码\DIP_VS2010\Debug\DesaturatedRGB.pdb
H:\My Document\My teaching\实验代码\DIP_VS2010\DesaturatedRGB\Debug\cl.command.1.tlog
H:\My Document\My teaching\实验代码\DIP_VS2010\DesaturatedRGB\Debug\CL.read.1.tlog
H:\My Document\My teaching\实验代码\DIP_VS2010\DesaturatedRGB\Debug\CL.write.1.tlog
H:\My Document\My teaching\实验代码\DIP_VS2010\DesaturatedRGB\Debug\DesaturatedRGB.exe.embed.manifest
H:\My Document\My teaching\实验代码\DIP_VS2010\DesaturatedRGB\Debug\DesaturatedRGB.exe.embed.manifest.res
H:\My Document\My teaching\实验代码\DIP_VS2010\DesaturatedRGB\Debug\DesaturatedRGB.exe.intermediate.manifest
H:\My Document\My teaching\实验代码\DIP_VS2010\DesaturatedRGB\Debug\DesaturatedRGB.obj
H:\My Document\My teaching\实验代码\DIP_VS2010\DesaturatedRGB\Debug\DesaturatedRGB_manifest.rc
H:\My Document\My teaching\实验代码\DIP_VS2010\DesaturatedRGB\Debug\link.2204.read.1.tlog
H:\My Document\My teaching\实验代码\DIP_VS2010\DesaturatedRGB\Debug\link.2204.write.1.tlog
H:\My Document\My teaching\实验代码\DIP_VS2010\DesaturatedRGB\Debug\link.2204-cvtres.read.1.tlog
H:\My Document\My teaching\实验代码\DIP_VS2010\DesaturatedRGB\Debug\link.2204-cvtres.write.1.tlog
H:\My Document\My teaching\实验代码\DIP_VS2010\DesaturatedRGB\Debug\link.4868.read.1.tlog
H:\My Document\My teaching\实验代码\DIP_VS2010\DesaturatedRGB\Debug\link.4868.write.1.tlog
H:\My Document\My teaching\实验代码\DIP_VS2010\DesaturatedRGB\Debug\link.4868-cvtres.read.1.tlog
H:\My Document\My teaching\实验代码\DIP_VS2010\DesaturatedRGB\Debug\link.4868-cvtres.write.1.tlog
H:\My Document\My teaching\实验代码\DIP_VS2010\DesaturatedRGB\Debug\link.command.1.tlog
H:\My Document\My teaching\实验代码\DIP_VS2010\DesaturatedRGB\Debug\link.read.1.tlog
H:\My Document\My teaching\实验代码\DIP_VS2010\DesaturatedRGB\Debug\link.write.1.tlog
H:\My Document\My teaching\实验代码\DIP_VS2010\DesaturatedRGB\Debug\link-cvtres.read.1.tlog
H:\My Document\My teaching\实验代码\DIP_VS2010\DesaturatedRGB\Debug\link-cvtres.write.1.tlog
H:\My Document\My teaching\实验代码\DIP_VS2010\DesaturatedRGB\Debug\mt.command.1.tlog
H:\My Document\My teaching\实验代码\DIP_VS2010\DesaturatedRGB\Debug\mt.read.1.tlog
H:\My Document\My teaching\实验代码\DIP_VS2010\DesaturatedRGB\Debug\mt.write.1.tlog
H:\My Document\My teaching\实验代码\DIP_VS2010\DesaturatedRGB\Debug\rc.command.1.tlog
H:\My Document\My teaching\实验代码\DIP_VS2010\DesaturatedRGB\Debug\rc.read.1.tlog
H:\My Document\My teaching\实验代码\DIP_VS2010\DesaturatedRGB\Debug\rc.write.1.tlog
H:\My Document\My teaching\实验代码\DIP_VS2010\DesaturatedRGB\Debug\vc100.idb
H:\My Document\My teaching\实验代码\DIP_VS2010\DesaturatedRGB\Debug\vc100.pdb
