D:\实验代码\DIP\CALC2DHISTOGRAM\DEBUG\CALC2DHISTOGRAM.EXE.EMBED.MANIFEST
D:\实验代码\DIP\CALC2DHISTOGRAM\DEBUG\CALC2DHISTOGRAM.EXE.EMBED.MANIFEST.RES
D:\实验代码\DIP\CALC2DHISTOGRAM\DEBUG\CALC2DHISTOGRAM.EXE.INTERMEDIATE.MANIFEST
D:\实验代码\DIP\CALC2DHISTOGRAM\DEBUG\CALC2DHISTOGRAM.OBJ
D:\实验代码\DIP\CALC2DHISTOGRAM\DEBUG\VC100.PDB
D:\实验代码\DIP\DEBUG\CALC2DHISTOGRAM.EXE
D:\实验代码\DIP\DEBUG\CALC2DHISTOGRAM.ILK
D:\实验代码\DIP\DEBUG\CALC2DHISTOGRAM.PDB
H:\MY DOCUMENT\MY TEACHING\实验代码\DIP\CALC2DHISTOGRAM\DEBUG\CALC2DHISTOGRAM.EXE.EMBED.MANIFEST.RES
H:\MY DOCUMENT\MY TEACHING\实验代码\DIP\CALC2DHISTOGRAM\DEBUG\CALC2DHISTOGRAM.EXE.INTERMEDIATE.MANIFEST
H:\MY DOCUMENT\MY TEACHING\实验代码\DIP\CALC2DHISTOGRAM\DEBUG\CALC2DHISTOGRAM.OBJ
H:\MY DOCUMENT\MY TEACHING\实验代码\DIP\CALC2DHISTOGRAM\DEBUG\VC100.PDB
H:\MY DOCUMENT\MY TEACHING\实验代码\DIP\DEBUG\CALC2DHISTOGRAM.EXE
H:\MY DOCUMENT\MY TEACHING\实验代码\DIP\DEBUG\CALC2DHISTOGRAM.ILK
H:\MY DOCUMENT\MY TEACHING\实验代码\DIP\DEBUG\CALC2DHISTOGRAM.PDB
H:\My Document\My teaching\实验代码\DIP_VS2010\Calc2DHistogram\Debug\Calc2DHistogram.exe.embed.manifest
H:\My Document\My teaching\实验代码\DIP_VS2010\Calc2DHistogram\Debug\Calc2DHistogram.exe.embed.manifest.res
H:\My Document\My teaching\实验代码\DIP_VS2010\Calc2DHistogram\Debug\Calc2DHistogram.exe.intermediate.manifest
H:\My Document\My teaching\实验代码\DIP_VS2010\Calc2DHistogram\Debug\Calc2DHistogram.obj
H:\My Document\My teaching\实验代码\DIP_VS2010\Calc2DHistogram\Debug\Calc2DHistogram_manifest.rc
H:\My Document\My teaching\实验代码\DIP_VS2010\Calc2DHistogram\Debug\cl.command.1.tlog
H:\My Document\My teaching\实验代码\DIP_VS2010\Calc2DHistogram\Debug\CL.read.1.tlog
H:\My Document\My teaching\实验代码\DIP_VS2010\Calc2DHistogram\Debug\CL.write.1.tlog
H:\My Document\My teaching\实验代码\DIP_VS2010\Calc2DHistogram\Debug\link.2628.read.1.tlog
H:\My Document\My teaching\实验代码\DIP_VS2010\Calc2DHistogram\Debug\link.2628.write.1.tlog
H:\My Document\My teaching\实验代码\DIP_VS2010\Calc2DHistogram\Debug\link.2628-cvtres.read.1.tlog
H:\My Document\My teaching\实验代码\DIP_VS2010\Calc2DHistogram\Debug\link.2628-cvtres.write.1.tlog
H:\My Document\My teaching\实验代码\DIP_VS2010\Calc2DHistogram\Debug\link.4052.read.1.tlog
H:\My Document\My teaching\实验代码\DIP_VS2010\Calc2DHistogram\Debug\link.4052.write.1.tlog
H:\My Document\My teaching\实验代码\DIP_VS2010\Calc2DHistogram\Debug\link.4052-cvtres.read.1.tlog
H:\My Document\My teaching\实验代码\DIP_VS2010\Calc2DHistogram\Debug\link.4052-cvtres.write.1.tlog
H:\My Document\My teaching\实验代码\DIP_VS2010\Calc2DHistogram\Debug\link.456.read.1.tlog
H:\My Document\My teaching\实验代码\DIP_VS2010\Calc2DHistogram\Debug\link.456.write.1.tlog
H:\My Document\My teaching\实验代码\DIP_VS2010\Calc2DHistogram\Debug\link.456-cvtres.read.1.tlog
H:\My Document\My teaching\实验代码\DIP_VS2010\Calc2DHistogram\Debug\link.456-cvtres.write.1.tlog
H:\My Document\My teaching\实验代码\DIP_VS2010\Calc2DHistogram\Debug\link.604.read.1.tlog
H:\My Document\My teaching\实验代码\DIP_VS2010\Calc2DHistogram\Debug\link.604.write.1.tlog
H:\My Document\My teaching\实验代码\DIP_VS2010\Calc2DHistogram\Debug\link.604-cvtres.read.1.tlog
H:\My Document\My teaching\实验代码\DIP_VS2010\Calc2DHistogram\Debug\link.604-cvtres.write.1.tlog
H:\My Document\My teaching\实验代码\DIP_VS2010\Calc2DHistogram\Debug\link.command.1.tlog
H:\My Document\My teaching\实验代码\DIP_VS2010\Calc2DHistogram\Debug\link.read.1.tlog
H:\My Document\My teaching\实验代码\DIP_VS2010\Calc2DHistogram\Debug\link.write.1.tlog
H:\My Document\My teaching\实验代码\DIP_VS2010\Calc2DHistogram\Debug\link-cvtres.read.1.tlog
H:\My Document\My teaching\实验代码\DIP_VS2010\Calc2DHistogram\Debug\link-cvtres.write.1.tlog
H:\My Document\My teaching\实验代码\DIP_VS2010\Calc2DHistogram\Debug\mt.command.1.tlog
H:\My Document\My teaching\实验代码\DIP_VS2010\Calc2DHistogram\Debug\mt.read.1.tlog
H:\My Document\My teaching\实验代码\DIP_VS2010\Calc2DHistogram\Debug\mt.write.1.tlog
H:\My Document\My teaching\实验代码\DIP_VS2010\Calc2DHistogram\Debug\rc.command.1.tlog
H:\My Document\My teaching\实验代码\DIP_VS2010\Calc2DHistogram\Debug\rc.read.1.tlog
H:\My Document\My teaching\实验代码\DIP_VS2010\Calc2DHistogram\Debug\rc.write.1.tlog
H:\My Document\My teaching\实验代码\DIP_VS2010\Calc2DHistogram\Debug\vc100.idb
H:\My Document\My teaching\实验代码\DIP_VS2010\Calc2DHistogram\Debug\vc100.pdb
H:\My Document\My teaching\实验代码\DIP_VS2010\Debug\Calc2DHistogram.exe
H:\My Document\My teaching\实验代码\DIP_VS2010\Debug\Calc2DHistogram.ilk
H:\My Document\My teaching\实验代码\DIP_VS2010\Debug\Calc2DHistogram.pdb
