D:\实验代码\DIP\DEBUG\IMGFILTER_USINGOPENCVFUNCTION.EXE
D:\实验代码\DIP\DEBUG\IMGFILTER_USINGOPENCVFUNCTION.ILK
D:\实验代码\DIP\DEBUG\IMGFILTER_USINGOPENCVFUNCTION.PDB
D:\实验代码\DIP\IMGFILTER_USINGOPENCVFUNCTION\DEBUG\IMGFILTER_USINGOPENCVFUNCTION.EXE.EMBED.MANIFEST
D:\实验代码\DIP\IMGFILTER_USINGOPENCVFUNCTION\DEBUG\IMGFILTER_USINGOPENCVFUNCTION.EXE.EMBED.MANIFEST.RES
D:\实验代码\DIP\IMGFILTER_USINGOPENCVFUNCTION\DEBUG\IMGFILTER_USINGOPENCVFUNCTION.EXE.INTERMEDIATE.MANIFEST
D:\实验代码\DIP\IMGFILTER_USINGOPENCVFUNCTION\DEBUG\IMGFILTER_USINGOPENCVFUNCTION.OBJ
D:\实验代码\DIP\IMGFILTER_USINGOPENCVFUNCTION\DEBUG\VC100.PDB
G:\MY DOCUMENT\MY TEACHING\实验代码\DIP_VS2010\DEBUG\1_IMGFILTER_USINGOPENCVFUNCTION.EXE
G:\MY DOCUMENT\MY TEACHING\实验代码\DIP_VS2010\DEBUG\1_IMGFILTER_USINGOPENCVFUNCTION.ILK
G:\MY DOCUMENT\MY TEACHING\实验代码\DIP_VS2010\DEBUG\1_IMGFILTER_USINGOPENCVFUNCTION.PDB
G:\MY DOCUMENT\MY TEACHING\实验代码\DIP_VS2010\IMGFILTER_USINGOPENCVFUNCTION\DEBUG\1_IMGFILTER_USINGOPENCVFUNCTION.EXE.EMBED.MANIFEST.RES
G:\MY DOCUMENT\MY TEACHING\实验代码\DIP_VS2010\IMGFILTER_USINGOPENCVFUNCTION\DEBUG\1_IMGFILTER_USINGOPENCVFUNCTION.EXE.INTERMEDIATE.MANIFEST
G:\MY DOCUMENT\MY TEACHING\实验代码\DIP_VS2010\IMGFILTER_USINGOPENCVFUNCTION\DEBUG\IMGFILTER_USINGOPENCVFUNCTION.OBJ
G:\MY DOCUMENT\MY TEACHING\实验代码\DIP_VS2010\IMGFILTER_USINGOPENCVFUNCTION\DEBUG\VC100.PDB
H:\MY DOCUMENT\MY TEACHING\实验代码\DIP\DEBUG\1_IMGFILTER_USINGOPENCVFUNCTION.EXE
H:\MY DOCUMENT\MY TEACHING\实验代码\DIP\DEBUG\1_IMGFILTER_USINGOPENCVFUNCTION.ILK
H:\MY DOCUMENT\MY TEACHING\实验代码\DIP\DEBUG\1_IMGFILTER_USINGOPENCVFUNCTION.PDB
H:\MY DOCUMENT\MY TEACHING\实验代码\DIP\DEBUG\IMGFILTER_USINGOPENCVFUNCTION.EXE
H:\MY DOCUMENT\MY TEACHING\实验代码\DIP\DEBUG\IMGFILTER_USINGOPENCVFUNCTION.ILK
H:\MY DOCUMENT\MY TEACHING\实验代码\DIP\DEBUG\IMGFILTER_USINGOPENCVFUNCTION.PDB
H:\MY DOCUMENT\MY TEACHING\实验代码\DIP\IMGFILTER_USINGOPENCVFUNCTION\DEBUG\1_IMGFILTER_USINGOPENCVFUNCTION.EXE.EMBED.MANIFEST
H:\MY DOCUMENT\MY TEACHING\实验代码\DIP\IMGFILTER_USINGOPENCVFUNCTION\DEBUG\1_IMGFILTER_USINGOPENCVFUNCTION.EXE.EMBED.MANIFEST.RES
H:\MY DOCUMENT\MY TEACHING\实验代码\DIP\IMGFILTER_USINGOPENCVFUNCTION\DEBUG\1_IMGFILTER_USINGOPENCVFUNCTION.EXE.INTERMEDIATE.MANIFEST
H:\MY DOCUMENT\MY TEACHING\实验代码\DIP\IMGFILTER_USINGOPENCVFUNCTION\DEBUG\IMGFILTER_USINGOPENCVFUNCTION.EXE.EMBED.MANIFEST.RES
H:\MY DOCUMENT\MY TEACHING\实验代码\DIP\IMGFILTER_USINGOPENCVFUNCTION\DEBUG\IMGFILTER_USINGOPENCVFUNCTION.EXE.INTERMEDIATE.MANIFEST
H:\MY DOCUMENT\MY TEACHING\实验代码\DIP\IMGFILTER_USINGOPENCVFUNCTION\DEBUG\IMGFILTER_USINGOPENCVFUNCTION.OBJ
H:\MY DOCUMENT\MY TEACHING\实验代码\DIP\IMGFILTER_USINGOPENCVFUNCTION\DEBUG\VC100.PDB
H:\MY DOCUMENT\MY TEACHING\实验代码\DIP_VS2010\DEBUG\1_IMGFILTER_USINGOPENCVFUNCTION.EXE
H:\MY DOCUMENT\MY TEACHING\实验代码\DIP_VS2010\DEBUG\1_IMGFILTER_USINGOPENCVFUNCTION.ILK
H:\MY DOCUMENT\MY TEACHING\实验代码\DIP_VS2010\DEBUG\1_IMGFILTER_USINGOPENCVFUNCTION.PDB
H:\My Document\My teaching\实验代码\DIP_VS2010\ImgFilter_usingOpenCVFunction\Debug\1_ImgFilter_usingOpenCVFunction.exe.embed.manifest
H:\MY DOCUMENT\MY TEACHING\实验代码\DIP_VS2010\IMGFILTER_USINGOPENCVFUNCTION\DEBUG\1_IMGFILTER_USINGOPENCVFUNCTION.EXE.EMBED.MANIFEST.RES
H:\MY DOCUMENT\MY TEACHING\实验代码\DIP_VS2010\IMGFILTER_USINGOPENCVFUNCTION\DEBUG\1_IMGFILTER_USINGOPENCVFUNCTION.EXE.INTERMEDIATE.MANIFEST
H:\My Document\My teaching\实验代码\DIP_VS2010\ImgFilter_usingOpenCVFunction\Debug\1_ImgFilter_usingOpenCVFunction_manifest.rc
H:\My Document\My teaching\实验代码\DIP_VS2010\ImgFilter_usingOpenCVFunction\Debug\cl.command.1.tlog
H:\My Document\My teaching\实验代码\DIP_VS2010\ImgFilter_usingOpenCVFunction\Debug\CL.read.1.tlog
H:\My Document\My teaching\实验代码\DIP_VS2010\ImgFilter_usingOpenCVFunction\Debug\CL.write.1.tlog
H:\My Document\My teaching\实验代码\DIP_VS2010\ImgFilter_usingOpenCVFunction\Debug\ImgFilter_usingOpenCVFunction.exe.embed.manifest
H:\My Document\My teaching\实验代码\DIP_VS2010\ImgFilter_usingOpenCVFunction\Debug\ImgFilter_usingOpenCVFunction.exe.embed.manifest.res
H:\My Document\My teaching\实验代码\DIP_VS2010\ImgFilter_usingOpenCVFunction\Debug\ImgFilter_usingOpenCVFunction.exe.intermediate.manifest
H:\MY DOCUMENT\MY TEACHING\实验代码\DIP_VS2010\IMGFILTER_USINGOPENCVFUNCTION\DEBUG\IMGFILTER_USINGOPENCVFUNCTION.OBJ
H:\My Document\My teaching\实验代码\DIP_VS2010\ImgFilter_usingOpenCVFunction\Debug\ImgFilter_usingOpenCVFunction_manifest.rc
H:\My Document\My teaching\实验代码\DIP_VS2010\ImgFilter_usingOpenCVFunction\Debug\link.2780.read.1.tlog
H:\My Document\My teaching\实验代码\DIP_VS2010\ImgFilter_usingOpenCVFunction\Debug\link.2780.write.1.tlog
H:\My Document\My teaching\实验代码\DIP_VS2010\ImgFilter_usingOpenCVFunction\Debug\link.2780-cvtres.read.1.tlog
H:\My Document\My teaching\实验代码\DIP_VS2010\ImgFilter_usingOpenCVFunction\Debug\link.2780-cvtres.write.1.tlog
H:\My Document\My teaching\实验代码\DIP_VS2010\ImgFilter_usingOpenCVFunction\Debug\link.3608.read.1.tlog
H:\My Document\My teaching\实验代码\DIP_VS2010\ImgFilter_usingOpenCVFunction\Debug\link.3608.write.1.tlog
H:\My Document\My teaching\实验代码\DIP_VS2010\ImgFilter_usingOpenCVFunction\Debug\link.3608-cvtres.read.1.tlog
H:\My Document\My teaching\实验代码\DIP_VS2010\ImgFilter_usingOpenCVFunction\Debug\link.3608-cvtres.write.1.tlog
H:\My Document\My teaching\实验代码\DIP_VS2010\ImgFilter_usingOpenCVFunction\Debug\link.4728.read.1.tlog
H:\My Document\My teaching\实验代码\DIP_VS2010\ImgFilter_usingOpenCVFunction\Debug\link.4728.write.1.tlog
H:\My Document\My teaching\实验代码\DIP_VS2010\ImgFilter_usingOpenCVFunction\Debug\link.4728-cvtres.read.1.tlog
H:\My Document\My teaching\实验代码\DIP_VS2010\ImgFilter_usingOpenCVFunction\Debug\link.4728-cvtres.write.1.tlog
H:\My Document\My teaching\实验代码\DIP_VS2010\ImgFilter_usingOpenCVFunction\Debug\link.7300.read.1.tlog
H:\My Document\My teaching\实验代码\DIP_VS2010\ImgFilter_usingOpenCVFunction\Debug\link.7300.write.1.tlog
H:\My Document\My teaching\实验代码\DIP_VS2010\ImgFilter_usingOpenCVFunction\Debug\link.7300-cvtres.read.1.tlog
H:\My Document\My teaching\实验代码\DIP_VS2010\ImgFilter_usingOpenCVFunction\Debug\link.7300-cvtres.write.1.tlog
H:\My Document\My teaching\实验代码\DIP_VS2010\ImgFilter_usingOpenCVFunction\Debug\link.command.1.tlog
H:\My Document\My teaching\实验代码\DIP_VS2010\ImgFilter_usingOpenCVFunction\Debug\link.read.1.tlog
H:\My Document\My teaching\实验代码\DIP_VS2010\ImgFilter_usingOpenCVFunction\Debug\link.write.1.tlog
H:\My Document\My teaching\实验代码\DIP_VS2010\ImgFilter_usingOpenCVFunction\Debug\link-cvtres.read.1.tlog
H:\My Document\My teaching\实验代码\DIP_VS2010\ImgFilter_usingOpenCVFunction\Debug\link-cvtres.write.1.tlog
H:\My Document\My teaching\实验代码\DIP_VS2010\ImgFilter_usingOpenCVFunction\Debug\mt.command.1.tlog
H:\My Document\My teaching\实验代码\DIP_VS2010\ImgFilter_usingOpenCVFunction\Debug\mt.read.1.tlog
H:\My Document\My teaching\实验代码\DIP_VS2010\ImgFilter_usingOpenCVFunction\Debug\mt.write.1.tlog
H:\My Document\My teaching\实验代码\DIP_VS2010\ImgFilter_usingOpenCVFunction\Debug\rc.command.1.tlog
H:\My Document\My teaching\实验代码\DIP_VS2010\ImgFilter_usingOpenCVFunction\Debug\rc.read.1.tlog
H:\My Document\My teaching\实验代码\DIP_VS2010\ImgFilter_usingOpenCVFunction\Debug\rc.write.1.tlog
H:\My Document\My teaching\实验代码\DIP_VS2010\ImgFilter_usingOpenCVFunction\Debug\vc100.idb
H:\MY DOCUMENT\MY TEACHING\实验代码\DIP_VS2010\IMGFILTER_USINGOPENCVFUNCTION\DEBUG\VC100.PDB
