Build started 2014-5-13 10:23:21.
     1>Project "H:\My Document\My teaching\实验代码\DIP_VS2010\ColorSpaceConvert\ColorSpaceConvert.vcxproj" on node 2 (build target(s)).
     1>InitializeBuildStatus:
         Creating "Debug\4_ColorSpaceConvert.unsuccessfulbuild" because "AlwaysCreate" was specified.
       ClCompile:
         C:\Program Files\Microsoft Visual Studio 10.0\VC\bin\CL.exe /c /I..\..\OpenCV2.4.3\opencv\build\include /ZI /nologo /W3 /WX- /Od /Oy- /D WIN32 /D _DEBUG /D _CONSOLE /D _UNICODE /D UNICODE /Gm /EHsc /RTC1 /MDd /GS /fp:precise /Zc:wchar_t /Zc:forScope /Fo"Debug\\" /Fd"Debug\vc100.pdb" /Gd /TP /analyze- /errorReport:prompt ColorSpaceConvert.cpp
         Skipping... (no relevant changes detected)
         ColorSpaceConvert.cpp
       ManifestResourceCompile:
         C:\Program Files\Microsoft SDKs\Windows\v7.0A\bin\rc.exe /nologo /fo"Debug\4_ColorSpaceConvert.exe.embed.manifest.res" Debug\4_ColorSpaceConvert_manifest.rc 
       Link:
         C:\Program Files\Microsoft Visual Studio 10.0\VC\bin\link.exe /ERRORREPORT:PROMPT /OUT:"H:\My Document\My teaching\实验代码\DIP_VS2010\Debug\4_ColorSpaceConvert.exe" /INCREMENTAL /NOLOGO /LIBPATH:..\..\OpenCV2.4.3\opencv\build\x86\vc10\lib opencv_core243d.lib opencv_imgproc243d.lib opencv_highgui243d.lib opencv_ml243d.lib opencv_video243d.lib opencv_features2d243d.lib opencv_calib3d243d.lib opencv_objdetect243d.lib opencv_contrib243d.lib opencv_legacy243d.lib opencv_flann243d.lib kernel32.lib user32.lib gdi32.lib winspool.lib comdlg32.lib advapi32.lib shell32.lib ole32.lib oleaut32.lib uuid.lib odbc32.lib odbccp32.lib /MANIFEST /ManifestFile:"Debug\4_ColorSpaceConvert.exe.intermediate.manifest" /MANIFESTUAC:"level='asInvoker' uiAccess='false'" /DEBUG /PDB:"H:\My Document\My teaching\实验代码\DIP_VS2010\Debug\4_ColorSpaceConvert.pdb" /SUBSYSTEM:CONSOLE /TLBID:1 /DYNAMICBASE /NXCOMPAT /IMPLIB:"H:\My Document\My teaching\实验代码\DIP_VS2010\Debug\4_ColorSpaceConvert.lib" /MACHINE:X86 Debug\4_ColorSpaceConvert.exe.embed.manifest.res
         Debug\ColorSpaceConvert.obj
       Manifest:
         C:\Program Files\Microsoft SDKs\Windows\v7.0A\bin\mt.exe /nologo /verbose /out:"Debug\4_ColorSpaceConvert.exe.embed.manifest" /manifest Debug\4_ColorSpaceConvert.exe.intermediate.manifest
         C:\Program Files\Microsoft SDKs\Windows\v7.0A\bin\rc.exe /nologo /fo"Debug\4_ColorSpaceConvert.exe.embed.manifest.res" Debug\4_ColorSpaceConvert_manifest.rc 
       LinkEmbedManifest:
         C:\Program Files\Microsoft Visual Studio 10.0\VC\bin\link.exe /ERRORREPORT:PROMPT /OUT:"H:\My Document\My teaching\实验代码\DIP_VS2010\Debug\4_ColorSpaceConvert.exe" /INCREMENTAL /NOLOGO /LIBPATH:..\..\OpenCV2.4.3\opencv\build\x86\vc10\lib opencv_core243d.lib opencv_imgproc243d.lib opencv_highgui243d.lib opencv_ml243d.lib opencv_video243d.lib opencv_features2d243d.lib opencv_calib3d243d.lib opencv_objdetect243d.lib opencv_contrib243d.lib opencv_legacy243d.lib opencv_flann243d.lib kernel32.lib user32.lib gdi32.lib winspool.lib comdlg32.lib advapi32.lib shell32.lib ole32.lib oleaut32.lib uuid.lib odbc32.lib odbccp32.lib /MANIFEST /ManifestFile:"Debug\4_ColorSpaceConvert.exe.intermediate.manifest" /MANIFESTUAC:"level='asInvoker' uiAccess='false'" /DEBUG /PDB:"H:\My Document\My teaching\实验代码\DIP_VS2010\Debug\4_ColorSpaceConvert.pdb" /SUBSYSTEM:CONSOLE /TLBID:1 /DYNAMICBASE /NXCOMPAT /IMPLIB:"H:\My Document\My teaching\实验代码\DIP_VS2010\Debug\4_ColorSpaceConvert.lib" /MACHINE:X86 Debug\4_ColorSpaceConvert.exe.embed.manifest.res
         Debug\ColorSpaceConvert.obj
         ColorSpaceConvert.vcxproj -> H:\My Document\My teaching\实验代码\DIP_VS2010\Debug\4_ColorSpaceConvert.exe
       FinalizeBuildStatus:
         Deleting file "Debug\4_ColorSpaceConvert.unsuccessfulbuild".
         Touching "Debug\4_ColorSpaceConvert.lastbuildstate".
     1>Done Building Project "H:\My Document\My teaching\实验代码\DIP_VS2010\ColorSpaceConvert\ColorSpaceConvert.vcxproj" (build target(s)).

Build succeeded.

Time Elapsed 00:00:02.31
