D:\实验代码\DIP\COLORSPACECONVERT\DEBUG\COLORSPACECONVERT.EXE.EMBED.MANIFEST
D:\实验代码\DIP\COLORSPACECONVERT\DEBUG\COLORSPACECONVERT.EXE.EMBED.MANIFEST.RES
D:\实验代码\DIP\COLORSPACECONVERT\DEBUG\COLORSPACECONVERT.EXE.INTERMEDIATE.MANIFEST
D:\实验代码\DIP\COLORSPACECONVERT\DEBUG\COLORSPACECONVERT.OBJ
D:\实验代码\DIP\COLORSPACECONVERT\DEBUG\VC100.PDB
D:\实验代码\DIP\DEBUG\COLORSPACECONVERT.EXE
D:\实验代码\DIP\DEBUG\COLORSPACECONVERT.ILK
D:\实验代码\DIP\DEBUG\COLORSPACECONVERT.PDB
H:\MY DOCUMENT\MY TEACHING\实验代码\DIP\COLORSPACECONVERT\DEBUG\COLORSPACECONVERT.EXE.EMBED.MANIFEST.RES
H:\MY DOCUMENT\MY TEACHING\实验代码\DIP\COLORSPACECONVERT\DEBUG\COLORSPACECONVERT.EXE.INTERMEDIATE.MANIFEST
H:\MY DOCUMENT\MY TEACHING\实验代码\DIP\COLORSPACECONVERT\DEBUG\COLORSPACECONVERT.OBJ
H:\MY DOCUMENT\MY TEACHING\实验代码\DIP\COLORSPACECONVERT\DEBUG\VC100.PDB
H:\MY DOCUMENT\MY TEACHING\实验代码\DIP\DEBUG\COLORSPACECONVERT.EXE
H:\MY DOCUMENT\MY TEACHING\实验代码\DIP\DEBUG\COLORSPACECONVERT.ILK
H:\MY DOCUMENT\MY TEACHING\实验代码\DIP\DEBUG\COLORSPACECONVERT.PDB
H:\My Document\My teaching\实验代码\DIP_VS2010\ColorSpaceConvert\Debug\cl.command.1.tlog
H:\My Document\My teaching\实验代码\DIP_VS2010\ColorSpaceConvert\Debug\CL.read.1.tlog
H:\My Document\My teaching\实验代码\DIP_VS2010\ColorSpaceConvert\Debug\CL.write.1.tlog
H:\My Document\My teaching\实验代码\DIP_VS2010\ColorSpaceConvert\Debug\ColorSpaceConvert.exe.embed.manifest
H:\My Document\My teaching\实验代码\DIP_VS2010\ColorSpaceConvert\Debug\ColorSpaceConvert.exe.embed.manifest.res
H:\My Document\My teaching\实验代码\DIP_VS2010\ColorSpaceConvert\Debug\ColorSpaceConvert.exe.intermediate.manifest
H:\My Document\My teaching\实验代码\DIP_VS2010\ColorSpaceConvert\Debug\ColorSpaceConvert.obj
H:\My Document\My teaching\实验代码\DIP_VS2010\ColorSpaceConvert\Debug\ColorSpaceConvert_manifest.rc
H:\My Document\My teaching\实验代码\DIP_VS2010\ColorSpaceConvert\Debug\link.1920.read.1.tlog
H:\My Document\My teaching\实验代码\DIP_VS2010\ColorSpaceConvert\Debug\link.1920.write.1.tlog
H:\My Document\My teaching\实验代码\DIP_VS2010\ColorSpaceConvert\Debug\link.1920-cvtres.read.1.tlog
H:\My Document\My teaching\实验代码\DIP_VS2010\ColorSpaceConvert\Debug\link.1920-cvtres.write.1.tlog
H:\My Document\My teaching\实验代码\DIP_VS2010\ColorSpaceConvert\Debug\link.5328.read.1.tlog
H:\My Document\My teaching\实验代码\DIP_VS2010\ColorSpaceConvert\Debug\link.5328.write.1.tlog
H:\My Document\My teaching\实验代码\DIP_VS2010\ColorSpaceConvert\Debug\link.5328-cvtres.read.1.tlog
H:\My Document\My teaching\实验代码\DIP_VS2010\ColorSpaceConvert\Debug\link.5328-cvtres.write.1.tlog
H:\My Document\My teaching\实验代码\DIP_VS2010\ColorSpaceConvert\Debug\link.command.1.tlog
H:\My Document\My teaching\实验代码\DIP_VS2010\ColorSpaceConvert\Debug\link.read.1.tlog
H:\My Document\My teaching\实验代码\DIP_VS2010\ColorSpaceConvert\Debug\link.write.1.tlog
H:\My Document\My teaching\实验代码\DIP_VS2010\ColorSpaceConvert\Debug\link-cvtres.read.1.tlog
H:\My Document\My teaching\实验代码\DIP_VS2010\ColorSpaceConvert\Debug\link-cvtres.write.1.tlog
H:\My Document\My teaching\实验代码\DIP_VS2010\ColorSpaceConvert\Debug\mt.command.1.tlog
H:\My Document\My teaching\实验代码\DIP_VS2010\ColorSpaceConvert\Debug\mt.read.1.tlog
H:\My Document\My teaching\实验代码\DIP_VS2010\ColorSpaceConvert\Debug\mt.write.1.tlog
H:\My Document\My teaching\实验代码\DIP_VS2010\ColorSpaceConvert\Debug\rc.command.1.tlog
H:\My Document\My teaching\实验代码\DIP_VS2010\ColorSpaceConvert\Debug\rc.read.1.tlog
H:\My Document\My teaching\实验代码\DIP_VS2010\ColorSpaceConvert\Debug\rc.write.1.tlog
H:\My Document\My teaching\实验代码\DIP_VS2010\ColorSpaceConvert\Debug\vc100.idb
H:\My Document\My teaching\实验代码\DIP_VS2010\ColorSpaceConvert\Debug\vc100.pdb
H:\My Document\My teaching\实验代码\DIP_VS2010\Debug\ColorSpaceConvert.exe
H:\My Document\My teaching\实验代码\DIP_VS2010\Debug\ColorSpaceConvert.ilk
H:\My Document\My teaching\实验代码\DIP_VS2010\Debug\ColorSpaceConvert.pdb
