D:\实验代码\DIP\ALPHABLENDING\DEBUG\ALPHABLENDING.EXE.EMBED.MANIFEST
D:\实验代码\DIP\ALPHABLENDING\DEBUG\ALPHABLENDING.EXE.EMBED.MANIFEST.RES
D:\实验代码\DIP\ALPHABLENDING\DEBUG\ALPHABLENDING.EXE.INTERMEDIATE.MANIFEST
D:\实验代码\DIP\ALPHABLENDING\DEBUG\ALPHABLENDING.OBJ
D:\实验代码\DIP\ALPHABLENDING\DEBUG\VC100.PDB
D:\实验代码\DIP\DEBUG\ALPHABLENDING.EXE
D:\实验代码\DIP\DEBUG\ALPHABLENDING.ILK
D:\实验代码\DIP\DEBUG\ALPHABLENDING.PDB
H:\MY DOCUMENT\MY TEACHING\实验代码\DIP\ALPHABLENDING\DEBUG\5_ALPHABLENDING.EXE.EMBED.MANIFEST
H:\MY DOCUMENT\MY TEACHING\实验代码\DIP\ALPHABLENDING\DEBUG\5_ALPHABLENDING.EXE.EMBED.MANIFEST.RES
H:\MY DOCUMENT\MY TEACHING\实验代码\DIP\ALPHABLENDING\DEBUG\5_ALPHABLENDING.EXE.INTERMEDIATE.MANIFEST
H:\MY DOCUMENT\MY TEACHING\实验代码\DIP\ALPHABLENDING\DEBUG\ALPHABLENDING.EXE.EMBED.MANIFEST.RES
H:\MY DOCUMENT\MY TEACHING\实验代码\DIP\ALPHABLENDING\DEBUG\ALPHABLENDING.EXE.INTERMEDIATE.MANIFEST
H:\MY DOCUMENT\MY TEACHING\实验代码\DIP\ALPHABLENDING\DEBUG\ALPHABLENDING.OBJ
H:\MY DOCUMENT\MY TEACHING\实验代码\DIP\ALPHABLENDING\DEBUG\VC100.PDB
H:\MY DOCUMENT\MY TEACHING\实验代码\DIP\DEBUG\5_ALPHABLENDING.EXE
H:\MY DOCUMENT\MY TEACHING\实验代码\DIP\DEBUG\5_ALPHABLENDING.ILK
H:\MY DOCUMENT\MY TEACHING\实验代码\DIP\DEBUG\5_ALPHABLENDING.PDB
H:\MY DOCUMENT\MY TEACHING\实验代码\DIP\DEBUG\ALPHABLENDING.EXE
H:\MY DOCUMENT\MY TEACHING\实验代码\DIP\DEBUG\ALPHABLENDING.ILK
H:\MY DOCUMENT\MY TEACHING\实验代码\DIP\DEBUG\ALPHABLENDING.PDB
H:\My Document\My teaching\实验代码\DIP_VS2010\AlphaBlending\Debug\5_AlphaBlending.exe.embed.manifest
H:\My Document\My teaching\实验代码\DIP_VS2010\AlphaBlending\Debug\5_AlphaBlending.exe.embed.manifest.res
H:\My Document\My teaching\实验代码\DIP_VS2010\AlphaBlending\Debug\5_AlphaBlending.exe.intermediate.manifest
H:\My Document\My teaching\实验代码\DIP_VS2010\AlphaBlending\Debug\5_AlphaBlending_manifest.rc
H:\My Document\My teaching\实验代码\DIP_VS2010\AlphaBlending\Debug\AlphaBlending.exe.embed.manifest
H:\My Document\My teaching\实验代码\DIP_VS2010\AlphaBlending\Debug\AlphaBlending.exe.embed.manifest.res
H:\My Document\My teaching\实验代码\DIP_VS2010\AlphaBlending\Debug\AlphaBlending.exe.intermediate.manifest
H:\My Document\My teaching\实验代码\DIP_VS2010\AlphaBlending\Debug\AlphaBlending.obj
H:\My Document\My teaching\实验代码\DIP_VS2010\AlphaBlending\Debug\AlphaBlending_manifest.rc
H:\My Document\My teaching\实验代码\DIP_VS2010\AlphaBlending\Debug\cl.command.1.tlog
H:\My Document\My teaching\实验代码\DIP_VS2010\AlphaBlending\Debug\CL.read.1.tlog
H:\My Document\My teaching\实验代码\DIP_VS2010\AlphaBlending\Debug\CL.write.1.tlog
H:\My Document\My teaching\实验代码\DIP_VS2010\AlphaBlending\Debug\link.1568.read.1.tlog
H:\My Document\My teaching\实验代码\DIP_VS2010\AlphaBlending\Debug\link.1568.write.1.tlog
H:\My Document\My teaching\实验代码\DIP_VS2010\AlphaBlending\Debug\link.1568-cvtres.read.1.tlog
H:\My Document\My teaching\实验代码\DIP_VS2010\AlphaBlending\Debug\link.1568-cvtres.write.1.tlog
H:\My Document\My teaching\实验代码\DIP_VS2010\AlphaBlending\Debug\link.3704.read.1.tlog
H:\My Document\My teaching\实验代码\DIP_VS2010\AlphaBlending\Debug\link.3704.write.1.tlog
H:\My Document\My teaching\实验代码\DIP_VS2010\AlphaBlending\Debug\link.3704-cvtres.read.1.tlog
H:\My Document\My teaching\实验代码\DIP_VS2010\AlphaBlending\Debug\link.3704-cvtres.write.1.tlog
H:\My Document\My teaching\实验代码\DIP_VS2010\AlphaBlending\Debug\link.3896.read.1.tlog
H:\My Document\My teaching\实验代码\DIP_VS2010\AlphaBlending\Debug\link.3896.write.1.tlog
H:\My Document\My teaching\实验代码\DIP_VS2010\AlphaBlending\Debug\link.3896-cvtres.read.1.tlog
H:\My Document\My teaching\实验代码\DIP_VS2010\AlphaBlending\Debug\link.3896-cvtres.write.1.tlog
H:\My Document\My teaching\实验代码\DIP_VS2010\AlphaBlending\Debug\link.4812.read.1.tlog
H:\My Document\My teaching\实验代码\DIP_VS2010\AlphaBlending\Debug\link.4812.write.1.tlog
H:\My Document\My teaching\实验代码\DIP_VS2010\AlphaBlending\Debug\link.4812-cvtres.read.1.tlog
H:\My Document\My teaching\实验代码\DIP_VS2010\AlphaBlending\Debug\link.4812-cvtres.write.1.tlog
H:\My Document\My teaching\实验代码\DIP_VS2010\AlphaBlending\Debug\link.command.1.tlog
H:\My Document\My teaching\实验代码\DIP_VS2010\AlphaBlending\Debug\link.read.1.tlog
H:\My Document\My teaching\实验代码\DIP_VS2010\AlphaBlending\Debug\link.write.1.tlog
H:\My Document\My teaching\实验代码\DIP_VS2010\AlphaBlending\Debug\link-cvtres.read.1.tlog
H:\My Document\My teaching\实验代码\DIP_VS2010\AlphaBlending\Debug\link-cvtres.write.1.tlog
H:\My Document\My teaching\实验代码\DIP_VS2010\AlphaBlending\Debug\mt.command.1.tlog
H:\My Document\My teaching\实验代码\DIP_VS2010\AlphaBlending\Debug\mt.read.1.tlog
H:\My Document\My teaching\实验代码\DIP_VS2010\AlphaBlending\Debug\mt.write.1.tlog
H:\My Document\My teaching\实验代码\DIP_VS2010\AlphaBlending\Debug\rc.command.1.tlog
H:\My Document\My teaching\实验代码\DIP_VS2010\AlphaBlending\Debug\rc.read.1.tlog
H:\My Document\My teaching\实验代码\DIP_VS2010\AlphaBlending\Debug\rc.write.1.tlog
H:\My Document\My teaching\实验代码\DIP_VS2010\AlphaBlending\Debug\vc100.idb
H:\My Document\My teaching\实验代码\DIP_VS2010\AlphaBlending\Debug\vc100.pdb
H:\My Document\My teaching\实验代码\DIP_VS2010\Debug\5_AlphaBlending.exe
H:\My Document\My teaching\实验代码\DIP_VS2010\Debug\5_AlphaBlending.ilk
H:\My Document\My teaching\实验代码\DIP_VS2010\Debug\5_AlphaBlending.pdb
