Build started 2014-5-6 16:29:03.
     1>Project "H:\My Document\My teaching\实验代码\DIP_VS2010\AlphaBlending\AlphaBlending.vcxproj" on node 5 (build target(s)).
     1>InitializeBuildStatus:
         Creating "Debug\5_AlphaBlending.unsuccessfulbuild" because "AlwaysCreate" was specified.
       ClCompile:
         C:\Program Files\Microsoft Visual Studio 10.0\VC\bin\CL.exe /c /I..\..\OpenCV2.4.3\opencv\build\include /ZI /nologo /W3 /WX- /Od /Oy- /D WIN32 /D _DEBUG /D _CONSOLE /D _UNICODE /D UNICODE /Gm /EHsc /RTC1 /MDd /GS /fp:precise /Zc:wchar_t /Zc:forScope /Fo"Debug\\" /Fd"Debug\vc100.pdb" /Gd /TP /analyze- /errorReport:prompt AlphaBlending.cpp
         AlphaBlending.cpp
     1>h:\my document\my teaching\实验代码\dip_vs2010\alphablending\alphablending.cpp(28): warning C4244: '=' : conversion from 'double' to 'unsigned char', possible loss of data
       ManifestResourceCompile:
         C:\Program Files\Microsoft SDKs\Windows\v7.0A\bin\rc.exe /nologo /fo"Debug\5_AlphaBlending.exe.embed.manifest.res" Debug\5_AlphaBlending_manifest.rc 
       Link:
         C:\Program Files\Microsoft Visual Studio 10.0\VC\bin\link.exe /ERRORREPORT:PROMPT /OUT:"H:\My Document\My teaching\实验代码\DIP_VS2010\Debug\5_AlphaBlending.exe" /INCREMENTAL /NOLOGO /LIBPATH:..\..\OpenCV2.4.3\opencv\build\x86\vc10\lib opencv_core243d.lib opencv_imgproc243d.lib opencv_highgui243d.lib opencv_ml243d.lib opencv_video243d.lib opencv_features2d243d.lib opencv_calib3d243d.lib opencv_objdetect243d.lib opencv_contrib243d.lib opencv_legacy243d.lib opencv_flann243d.lib kernel32.lib user32.lib gdi32.lib winspool.lib comdlg32.lib advapi32.lib shell32.lib ole32.lib oleaut32.lib uuid.lib odbc32.lib odbccp32.lib /MANIFEST /ManifestFile:"Debug\5_AlphaBlending.exe.intermediate.manifest" /MANIFESTUAC:"level='asInvoker' uiAccess='false'" /DEBUG /PDB:"H:\My Document\My teaching\实验代码\DIP_VS2010\Debug\5_AlphaBlending.pdb" /SUBSYSTEM:CONSOLE /TLBID:1 /DYNAMICBASE /NXCOMPAT /IMPLIB:"H:\My Document\My teaching\实验代码\DIP_VS2010\Debug\5_AlphaBlending.lib" /MACHINE:X86 Debug\5_AlphaBlending.exe.embed.manifest.res
         Debug\AlphaBlending.obj
       Manifest:
         C:\Program Files\Microsoft SDKs\Windows\v7.0A\bin\mt.exe /nologo /verbose /out:"Debug\5_AlphaBlending.exe.embed.manifest" /manifest Debug\5_AlphaBlending.exe.intermediate.manifest
         C:\Program Files\Microsoft SDKs\Windows\v7.0A\bin\rc.exe /nologo /fo"Debug\5_AlphaBlending.exe.embed.manifest.res" Debug\5_AlphaBlending_manifest.rc 
       LinkEmbedManifest:
         C:\Program Files\Microsoft Visual Studio 10.0\VC\bin\link.exe /ERRORREPORT:PROMPT /OUT:"H:\My Document\My teaching\实验代码\DIP_VS2010\Debug\5_AlphaBlending.exe" /INCREMENTAL /NOLOGO /LIBPATH:..\..\OpenCV2.4.3\opencv\build\x86\vc10\lib opencv_core243d.lib opencv_imgproc243d.lib opencv_highgui243d.lib opencv_ml243d.lib opencv_video243d.lib opencv_features2d243d.lib opencv_calib3d243d.lib opencv_objdetect243d.lib opencv_contrib243d.lib opencv_legacy243d.lib opencv_flann243d.lib kernel32.lib user32.lib gdi32.lib winspool.lib comdlg32.lib advapi32.lib shell32.lib ole32.lib oleaut32.lib uuid.lib odbc32.lib odbccp32.lib /MANIFEST /ManifestFile:"Debug\5_AlphaBlending.exe.intermediate.manifest" /MANIFESTUAC:"level='asInvoker' uiAccess='false'" /DEBUG /PDB:"H:\My Document\My teaching\实验代码\DIP_VS2010\Debug\5_AlphaBlending.pdb" /SUBSYSTEM:CONSOLE /TLBID:1 /DYNAMICBASE /NXCOMPAT /IMPLIB:"H:\My Document\My teaching\实验代码\DIP_VS2010\Debug\5_AlphaBlending.lib" /MACHINE:X86 Debug\5_AlphaBlending.exe.embed.manifest.res
         Debug\AlphaBlending.obj
         AlphaBlending.vcxproj -> H:\My Document\My teaching\实验代码\DIP_VS2010\Debug\5_AlphaBlending.exe
       FinalizeBuildStatus:
         Deleting file "Debug\5_AlphaBlending.unsuccessfulbuild".
         Touching "Debug\5_AlphaBlending.lastbuildstate".
     1>Done Building Project "H:\My Document\My teaching\实验代码\DIP_VS2010\AlphaBlending\AlphaBlending.vcxproj" (build target(s)).

Build succeeded.

Time Elapsed 00:00:04.06
