D:\实验代码\DIP\DEBUG\HSVADJUST.EXE
D:\实验代码\DIP\DEBUG\HSVADJUST.ILK
D:\实验代码\DIP\DEBUG\HSVADJUST.PDB
D:\实验代码\DIP\HSVADJUST\DEBUG\HSVADJUST.EXE.EMBED.MANIFEST
D:\实验代码\DIP\HSVADJUST\DEBUG\HSVADJUST.EXE.EMBED.MANIFEST.RES
D:\实验代码\DIP\HSVADJUST\DEBUG\HSVADJUST.EXE.INTERMEDIATE.MANIFEST
D:\实验代码\DIP\HSVADJUST\DEBUG\HSVADJUST.OBJ
D:\实验代码\DIP\HSVADJUST\DEBUG\VC100.PDB
H:\MY DOCUMENT\MY TEACHING\实验代码\DIP\DEBUG\HSVADJUST.EXE
H:\MY DOCUMENT\MY TEACHING\实验代码\DIP\DEBUG\HSVADJUST.ILK
H:\MY DOCUMENT\MY TEACHING\实验代码\DIP\DEBUG\HSVADJUST.PDB
H:\MY DOCUMENT\MY TEACHING\实验代码\DIP\HSVADJUST\DEBUG\HSVADJUST.EXE.EMBED.MANIFEST.RES
H:\MY DOCUMENT\MY TEACHING\实验代码\DIP\HSVADJUST\DEBUG\HSVADJUST.EXE.INTERMEDIATE.MANIFEST
H:\MY DOCUMENT\MY TEACHING\实验代码\DIP\HSVADJUST\DEBUG\HSVADJUST.OBJ
H:\MY DOCUMENT\MY TEACHING\实验代码\DIP\HSVADJUST\DEBUG\VC100.PDB
H:\My Document\My teaching\实验代码\DIP_VS2010\Debug\HSVAdjust.exe
H:\My Document\My teaching\实验代码\DIP_VS2010\Debug\HSVAdjust.ilk
H:\My Document\My teaching\实验代码\DIP_VS2010\Debug\HSVAdjust.pdb
H:\My Document\My teaching\实验代码\DIP_VS2010\HSVAdjust\Debug\cl.command.1.tlog
H:\My Document\My teaching\实验代码\DIP_VS2010\HSVAdjust\Debug\CL.read.1.tlog
H:\My Document\My teaching\实验代码\DIP_VS2010\HSVAdjust\Debug\CL.write.1.tlog
H:\My Document\My teaching\实验代码\DIP_VS2010\HSVAdjust\Debug\HSVAdjust.exe.embed.manifest
H:\My Document\My teaching\实验代码\DIP_VS2010\HSVAdjust\Debug\HSVAdjust.exe.embed.manifest.res
H:\My Document\My teaching\实验代码\DIP_VS2010\HSVAdjust\Debug\HSVAdjust.exe.intermediate.manifest
H:\My Document\My teaching\实验代码\DIP_VS2010\HSVAdjust\Debug\HSVAdjust.obj
H:\My Document\My teaching\实验代码\DIP_VS2010\HSVAdjust\Debug\HSVAdjust_manifest.rc
H:\My Document\My teaching\实验代码\DIP_VS2010\HSVAdjust\Debug\link.2512.read.1.tlog
H:\My Document\My teaching\实验代码\DIP_VS2010\HSVAdjust\Debug\link.2512.write.1.tlog
H:\My Document\My teaching\实验代码\DIP_VS2010\HSVAdjust\Debug\link.2512-cvtres.read.1.tlog
H:\My Document\My teaching\实验代码\DIP_VS2010\HSVAdjust\Debug\link.2512-cvtres.write.1.tlog
H:\My Document\My teaching\实验代码\DIP_VS2010\HSVAdjust\Debug\link.4580.read.1.tlog
H:\My Document\My teaching\实验代码\DIP_VS2010\HSVAdjust\Debug\link.4580.write.1.tlog
H:\My Document\My teaching\实验代码\DIP_VS2010\HSVAdjust\Debug\link.4580-cvtres.read.1.tlog
H:\My Document\My teaching\实验代码\DIP_VS2010\HSVAdjust\Debug\link.4580-cvtres.write.1.tlog
H:\My Document\My teaching\实验代码\DIP_VS2010\HSVAdjust\Debug\link.5056.read.1.tlog
H:\My Document\My teaching\实验代码\DIP_VS2010\HSVAdjust\Debug\link.5056.write.1.tlog
H:\My Document\My teaching\实验代码\DIP_VS2010\HSVAdjust\Debug\link.5056-cvtres.read.1.tlog
H:\My Document\My teaching\实验代码\DIP_VS2010\HSVAdjust\Debug\link.5056-cvtres.write.1.tlog
H:\My Document\My teaching\实验代码\DIP_VS2010\HSVAdjust\Debug\link.5544.read.1.tlog
H:\My Document\My teaching\实验代码\DIP_VS2010\HSVAdjust\Debug\link.5544.write.1.tlog
H:\My Document\My teaching\实验代码\DIP_VS2010\HSVAdjust\Debug\link.5544-cvtres.read.1.tlog
H:\My Document\My teaching\实验代码\DIP_VS2010\HSVAdjust\Debug\link.5544-cvtres.write.1.tlog
H:\My Document\My teaching\实验代码\DIP_VS2010\HSVAdjust\Debug\link.command.1.tlog
H:\My Document\My teaching\实验代码\DIP_VS2010\HSVAdjust\Debug\link.read.1.tlog
H:\My Document\My teaching\实验代码\DIP_VS2010\HSVAdjust\Debug\link.write.1.tlog
H:\My Document\My teaching\实验代码\DIP_VS2010\HSVAdjust\Debug\link-cvtres.read.1.tlog
H:\My Document\My teaching\实验代码\DIP_VS2010\HSVAdjust\Debug\link-cvtres.write.1.tlog
H:\My Document\My teaching\实验代码\DIP_VS2010\HSVAdjust\Debug\mt.command.1.tlog
H:\My Document\My teaching\实验代码\DIP_VS2010\HSVAdjust\Debug\mt.read.1.tlog
H:\My Document\My teaching\实验代码\DIP_VS2010\HSVAdjust\Debug\mt.write.1.tlog
H:\My Document\My teaching\实验代码\DIP_VS2010\HSVAdjust\Debug\rc.command.1.tlog
H:\My Document\My teaching\实验代码\DIP_VS2010\HSVAdjust\Debug\rc.read.1.tlog
H:\My Document\My teaching\实验代码\DIP_VS2010\HSVAdjust\Debug\rc.write.1.tlog
H:\My Document\My teaching\实验代码\DIP_VS2010\HSVAdjust\Debug\vc100.idb
H:\My Document\My teaching\实验代码\DIP_VS2010\HSVAdjust\Debug\vc100.pdb
