D:\实验代码\DIP\COLORIMGTOGRAYIMG\DEBUG\COLORIMGTOGRAYIMG.EXE.EMBED.MANIFEST
D:\实验代码\DIP\COLORIMGTOGRAYIMG\DEBUG\COLORIMGTOGRAYIMG.EXE.EMBED.MANIFEST.RES
D:\实验代码\DIP\COLORIMGTOGRAYIMG\DEBUG\COLORIMGTOGRAYIMG.EXE.INTERMEDIATE.MANIFEST
D:\实验代码\DIP\COLORIMGTOGRAYIMG\DEBUG\COLORIMGTOGRAYIMG.OBJ
D:\实验代码\DIP\COLORIMGTOGRAYIMG\DEBUG\VC100.PDB
D:\实验代码\DIP\DEBUG\COLORIMGTOGRAYIMG.EXE
D:\实验代码\DIP\DEBUG\COLORIMGTOGRAYIMG.ILK
D:\实验代码\DIP\DEBUG\COLORIMGTOGRAYIMG.PDB
H:\MY DOCUMENT\MY TEACHING\实验代码\DIP\COLORIMGTOGRAYIMG\DEBUG\COLORIMGTOGRAYIMG.EXE.EMBED.MANIFEST.RES
H:\MY DOCUMENT\MY TEACHING\实验代码\DIP\COLORIMGTOGRAYIMG\DEBUG\COLORIMGTOGRAYIMG.EXE.INTERMEDIATE.MANIFEST
H:\MY DOCUMENT\MY TEACHING\实验代码\DIP\COLORIMGTOGRAYIMG\DEBUG\COLORIMGTOGRAYIMG.OBJ
H:\MY DOCUMENT\MY TEACHING\实验代码\DIP\COLORIMGTOGRAYIMG\DEBUG\VC100.PDB
H:\MY DOCUMENT\MY TEACHING\实验代码\DIP\DEBUG\COLORIMGTOGRAYIMG.EXE
H:\MY DOCUMENT\MY TEACHING\实验代码\DIP\DEBUG\COLORIMGTOGRAYIMG.ILK
H:\MY DOCUMENT\MY TEACHING\实验代码\DIP\DEBUG\COLORIMGTOGRAYIMG.PDB
H:\My Document\My teaching\实验代码\DIP_VS2010\ColorImgtoGrayImg\Debug\cl.command.1.tlog
H:\My Document\My teaching\实验代码\DIP_VS2010\ColorImgtoGrayImg\Debug\CL.read.1.tlog
H:\My Document\My teaching\实验代码\DIP_VS2010\ColorImgtoGrayImg\Debug\CL.write.1.tlog
H:\My Document\My teaching\实验代码\DIP_VS2010\ColorImgtoGrayImg\Debug\ColorImgtoGrayImg.exe.embed.manifest
H:\My Document\My teaching\实验代码\DIP_VS2010\ColorImgtoGrayImg\Debug\ColorImgtoGrayImg.exe.embed.manifest.res
H:\My Document\My teaching\实验代码\DIP_VS2010\ColorImgtoGrayImg\Debug\ColorImgtoGrayImg.exe.intermediate.manifest
H:\My Document\My teaching\实验代码\DIP_VS2010\ColorImgtoGrayImg\Debug\ColorImgtoGrayImg.obj
H:\My Document\My teaching\实验代码\DIP_VS2010\ColorImgtoGrayImg\Debug\ColorImgtoGrayImg_manifest.rc
H:\My Document\My teaching\实验代码\DIP_VS2010\ColorImgtoGrayImg\Debug\link.4680.read.1.tlog
H:\My Document\My teaching\实验代码\DIP_VS2010\ColorImgtoGrayImg\Debug\link.4680.write.1.tlog
H:\My Document\My teaching\实验代码\DIP_VS2010\ColorImgtoGrayImg\Debug\link.4680-cvtres.read.1.tlog
H:\My Document\My teaching\实验代码\DIP_VS2010\ColorImgtoGrayImg\Debug\link.4680-cvtres.write.1.tlog
H:\My Document\My teaching\实验代码\DIP_VS2010\ColorImgtoGrayImg\Debug\link.4952.read.1.tlog
H:\My Document\My teaching\实验代码\DIP_VS2010\ColorImgtoGrayImg\Debug\link.4952.write.1.tlog
H:\My Document\My teaching\实验代码\DIP_VS2010\ColorImgtoGrayImg\Debug\link.4952-cvtres.read.1.tlog
H:\My Document\My teaching\实验代码\DIP_VS2010\ColorImgtoGrayImg\Debug\link.4952-cvtres.write.1.tlog
H:\My Document\My teaching\实验代码\DIP_VS2010\ColorImgtoGrayImg\Debug\link.5196.read.1.tlog
H:\My Document\My teaching\实验代码\DIP_VS2010\ColorImgtoGrayImg\Debug\link.5196.write.1.tlog
H:\My Document\My teaching\实验代码\DIP_VS2010\ColorImgtoGrayImg\Debug\link.5196-cvtres.read.1.tlog
H:\My Document\My teaching\实验代码\DIP_VS2010\ColorImgtoGrayImg\Debug\link.5196-cvtres.write.1.tlog
H:\My Document\My teaching\实验代码\DIP_VS2010\ColorImgtoGrayImg\Debug\link.command.1.tlog
H:\My Document\My teaching\实验代码\DIP_VS2010\ColorImgtoGrayImg\Debug\link.read.1.tlog
H:\My Document\My teaching\实验代码\DIP_VS2010\ColorImgtoGrayImg\Debug\link.write.1.tlog
H:\My Document\My teaching\实验代码\DIP_VS2010\ColorImgtoGrayImg\Debug\link-cvtres.read.1.tlog
H:\My Document\My teaching\实验代码\DIP_VS2010\ColorImgtoGrayImg\Debug\link-cvtres.write.1.tlog
H:\My Document\My teaching\实验代码\DIP_VS2010\ColorImgtoGrayImg\Debug\mt.command.1.tlog
H:\My Document\My teaching\实验代码\DIP_VS2010\ColorImgtoGrayImg\Debug\mt.read.1.tlog
H:\My Document\My teaching\实验代码\DIP_VS2010\ColorImgtoGrayImg\Debug\mt.write.1.tlog
H:\My Document\My teaching\实验代码\DIP_VS2010\ColorImgtoGrayImg\Debug\rc.command.1.tlog
H:\My Document\My teaching\实验代码\DIP_VS2010\ColorImgtoGrayImg\Debug\rc.read.1.tlog
H:\My Document\My teaching\实验代码\DIP_VS2010\ColorImgtoGrayImg\Debug\rc.write.1.tlog
H:\My Document\My teaching\实验代码\DIP_VS2010\ColorImgtoGrayImg\Debug\vc100.idb
H:\My Document\My teaching\实验代码\DIP_VS2010\ColorImgtoGrayImg\Debug\vc100.pdb
H:\My Document\My teaching\实验代码\DIP_VS2010\Debug\ColorImgtoGrayImg.exe
H:\My Document\My teaching\实验代码\DIP_VS2010\Debug\ColorImgtoGrayImg.ilk
H:\My Document\My teaching\实验代码\DIP_VS2010\Debug\ColorImgtoGrayImg.pdb
