D:\实验代码\DIP\DEBUG\LOADMODIFYSAVEIMAGE.EXE
D:\实验代码\DIP\DEBUG\LOADMODIFYSAVEIMAGE.ILK
D:\实验代码\DIP\DEBUG\LOADMODIFYSAVEIMAGE.PDB
D:\实验代码\DIP\LOADMODIFYSAVEIMAGE\DEBUG\LOADMODIFYSAVEIMAGE.EXE.EMBED.MANIFEST
D:\实验代码\DIP\LOADMODIFYSAVEIMAGE\DEBUG\LOADMODIFYSAVEIMAGE.EXE.EMBED.MANIFEST.RES
D:\实验代码\DIP\LOADMODIFYSAVEIMAGE\DEBUG\LOADMODIFYSAVEIMAGE.EXE.INTERMEDIATE.MANIFEST
D:\实验代码\DIP\LOADMODIFYSAVEIMAGE\DEBUG\LOADMODIFYSAVEIMAGE.OBJ
D:\实验代码\DIP\LOADMODIFYSAVEIMAGE\DEBUG\VC100.PDB
H:\MY DOCUMENT\MY TEACHING\实验代码\DIP\DEBUG\LOADMODIFYSAVEIMAGE.EXE
H:\MY DOCUMENT\MY TEACHING\实验代码\DIP\DEBUG\LOADMODIFYSAVEIMAGE.ILK
H:\MY DOCUMENT\MY TEACHING\实验代码\DIP\DEBUG\LOADMODIFYSAVEIMAGE.PDB
H:\MY DOCUMENT\MY TEACHING\实验代码\DIP\LOADMODIFYSAVEIMAGE\DEBUG\LOADMODIFYSAVEIMAGE.EXE.EMBED.MANIFEST.RES
H:\MY DOCUMENT\MY TEACHING\实验代码\DIP\LOADMODIFYSAVEIMAGE\DEBUG\LOADMODIFYSAVEIMAGE.EXE.INTERMEDIATE.MANIFEST
H:\MY DOCUMENT\MY TEACHING\实验代码\DIP\LOADMODIFYSAVEIMAGE\DEBUG\LOADMODIFYSAVEIMAGE.OBJ
H:\MY DOCUMENT\MY TEACHING\实验代码\DIP\LOADMODIFYSAVEIMAGE\DEBUG\VC100.PDB
H:\My Document\My teaching\实验代码\DIP_VS2010\Debug\LoadModifySaveImage.exe
H:\My Document\My teaching\实验代码\DIP_VS2010\Debug\LoadModifySaveImage.ilk
H:\My Document\My teaching\实验代码\DIP_VS2010\Debug\LoadModifySaveImage.pdb
H:\My Document\My teaching\实验代码\DIP_VS2010\LoadModifySaveImage\Debug\cl.command.1.tlog
H:\My Document\My teaching\实验代码\DIP_VS2010\LoadModifySaveImage\Debug\CL.read.1.tlog
H:\My Document\My teaching\实验代码\DIP_VS2010\LoadModifySaveImage\Debug\CL.write.1.tlog
H:\My Document\My teaching\实验代码\DIP_VS2010\LoadModifySaveImage\Debug\link.1896.read.1.tlog
H:\My Document\My teaching\实验代码\DIP_VS2010\LoadModifySaveImage\Debug\link.1896.write.1.tlog
H:\My Document\My teaching\实验代码\DIP_VS2010\LoadModifySaveImage\Debug\link.1896-cvtres.read.1.tlog
H:\My Document\My teaching\实验代码\DIP_VS2010\LoadModifySaveImage\Debug\link.1896-cvtres.write.1.tlog
H:\My Document\My teaching\实验代码\DIP_VS2010\LoadModifySaveImage\Debug\link.4640.read.1.tlog
H:\My Document\My teaching\实验代码\DIP_VS2010\LoadModifySaveImage\Debug\link.4640.write.1.tlog
H:\My Document\My teaching\实验代码\DIP_VS2010\LoadModifySaveImage\Debug\link.4640-cvtres.read.1.tlog
H:\My Document\My teaching\实验代码\DIP_VS2010\LoadModifySaveImage\Debug\link.4640-cvtres.write.1.tlog
H:\My Document\My teaching\实验代码\DIP_VS2010\LoadModifySaveImage\Debug\link.command.1.tlog
H:\My Document\My teaching\实验代码\DIP_VS2010\LoadModifySaveImage\Debug\link.read.1.tlog
H:\My Document\My teaching\实验代码\DIP_VS2010\LoadModifySaveImage\Debug\link.write.1.tlog
H:\My Document\My teaching\实验代码\DIP_VS2010\LoadModifySaveImage\Debug\link-cvtres.read.1.tlog
H:\My Document\My teaching\实验代码\DIP_VS2010\LoadModifySaveImage\Debug\link-cvtres.write.1.tlog
H:\My Document\My teaching\实验代码\DIP_VS2010\LoadModifySaveImage\Debug\LoadModifySaveImage.exe.embed.manifest
H:\My Document\My teaching\实验代码\DIP_VS2010\LoadModifySaveImage\Debug\LoadModifySaveImage.exe.embed.manifest.res
H:\My Document\My teaching\实验代码\DIP_VS2010\LoadModifySaveImage\Debug\LoadModifySaveImage.exe.intermediate.manifest
H:\My Document\My teaching\实验代码\DIP_VS2010\LoadModifySaveImage\Debug\LoadModifySaveImage.obj
H:\My Document\My teaching\实验代码\DIP_VS2010\LoadModifySaveImage\Debug\LoadModifySaveImage_manifest.rc
H:\My Document\My teaching\实验代码\DIP_VS2010\LoadModifySaveImage\Debug\mt.command.1.tlog
H:\My Document\My teaching\实验代码\DIP_VS2010\LoadModifySaveImage\Debug\mt.read.1.tlog
H:\My Document\My teaching\实验代码\DIP_VS2010\LoadModifySaveImage\Debug\mt.write.1.tlog
H:\My Document\My teaching\实验代码\DIP_VS2010\LoadModifySaveImage\Debug\rc.command.1.tlog
H:\My Document\My teaching\实验代码\DIP_VS2010\LoadModifySaveImage\Debug\rc.read.1.tlog
H:\My Document\My teaching\实验代码\DIP_VS2010\LoadModifySaveImage\Debug\rc.write.1.tlog
H:\My Document\My teaching\实验代码\DIP_VS2010\LoadModifySaveImage\Debug\vc100.idb
H:\My Document\My teaching\实验代码\DIP_VS2010\LoadModifySaveImage\Debug\vc100.pdb
